TN:
SF:src\config\database.js
FNF:0
FNH:0
DA:1,5
DA:2,5
DA:3,5
DA:5,5
DA:16,5
LF:5
LH:5
BRF:0
BRH:0
end_of_record
TN:
SF:src\controllers\auth.controller.js
FN:3,(anonymous_0)
FN:16,(anonymous_1)
FN:25,(anonymous_2)
FN:45,(anonymous_3)
FNF:4
FNH:4
FNDA:4,(anonymous_0)
FNDA:2,(anonymous_1)
FNDA:3,(anonymous_2)
FNDA:3,(anonymous_3)
DA:1,1
DA:3,1
DA:4,4
DA:5,4
DA:10,3
DA:12,1
DA:16,1
DA:17,2
DA:18,2
DA:19,1
DA:21,1
DA:25,1
DA:26,3
DA:28,3
DA:29,3
DA:37,3
DA:38,3
DA:39,2
DA:41,1
DA:45,1
DA:46,3
DA:48,3
DA:49,1
DA:52,2
DA:53,2
DA:54,1
DA:56,1
DA:60,1
LF:28
LH:28
BRDA:48,0,0,1
BRDA:48,0,1,2
BRF:2
BRH:2
end_of_record
TN:
SF:src\controllers\company.controller.js
FN:3,(anonymous_0)
FN:12,(anonymous_1)
FN:24,(anonymous_2)
FN:34,(anonymous_3)
FN:58,(anonymous_4)
FN:68,(anonymous_5)
FN:78,(anonymous_6)
FN:88,(anonymous_7)
FNF:8
FNH:8
FNDA:4,(anonymous_0)
FNDA:2,(anonymous_1)
FNDA:2,(anonymous_2)
FNDA:2,(anonymous_3)
FNDA:3,(anonymous_4)
FNDA:2,(anonymous_5)
FNDA:2,(anonymous_6)
FNDA:1,(anonymous_7)
DA:1,1
DA:3,1
DA:4,4
DA:5,4
DA:6,4
DA:8,0
DA:12,1
DA:13,2
DA:14,2
DA:16,2
DA:17,2
DA:18,2
DA:20,0
DA:24,1
DA:25,2
DA:26,2
DA:27,2
DA:28,2
DA:30,0
DA:34,1
DA:35,2
DA:36,2
DA:37,2
DA:38,2
DA:39,2
DA:42,2
DA:43,1
DA:46,2
DA:52,2
DA:54,0
DA:58,1
DA:59,3
DA:60,3
DA:61,3
DA:62,3
DA:64,0
DA:68,1
DA:69,2
DA:70,2
DA:71,2
DA:72,2
DA:74,0
DA:78,1
DA:79,2
DA:80,2
DA:81,2
DA:82,2
DA:84,0
DA:88,1
DA:89,1
DA:90,1
DA:91,1
DA:92,0
DA:96,1
DA:100,1
DA:102,0
DA:108,1
LF:57
LH:48
BRDA:38,0,0,2
BRDA:38,0,1,0
BRDA:39,1,0,2
BRDA:39,1,1,0
BRDA:42,2,0,1
BRDA:42,2,1,1
BRDA:91,3,0,0
BRDA:91,3,1,1
BRDA:104,4,0,0
BRDA:104,4,1,0
BRF:10
BRH:5
end_of_record
TN:
SF:src\controllers\companyUser.controller.js
FN:3,(anonymous_0)
FN:36,(anonymous_1)
FN:53,(anonymous_2)
FN:68,(anonymous_3)
FNF:4
FNH:4
FNDA:3,(anonymous_0)
FNDA:3,(anonymous_1)
FNDA:3,(anonymous_2)
FNDA:2,(anonymous_3)
DA:1,1
DA:3,1
DA:4,3
DA:5,3
DA:7,3
DA:8,1
DA:13,2
DA:17,2
DA:21,2
DA:27,1
DA:29,1
DA:36,1
DA:37,3
DA:38,3
DA:43,2
DA:44,1
DA:46,1
DA:49,1
DA:53,1
DA:54,3
DA:55,3
DA:58,2
DA:59,1
DA:61,1
DA:64,1
DA:68,1
DA:69,2
DA:70,2
DA:71,1
DA:73,1
DA:77,1
LF:31
LH:31
BRDA:7,0,0,1
BRDA:7,0,1,2
BRDA:7,1,0,3
BRDA:7,1,1,2
BRDA:31,2,0,1
BRDA:31,2,1,0
BRDA:43,3,0,1
BRDA:43,3,1,1
BRDA:58,4,0,1
BRDA:58,4,1,1
BRF:10
BRH:9
end_of_record
TN:
SF:src\controllers\companyrole.controller.js
FN:3,(anonymous_0)
FN:19,(anonymous_1)
FN:55,(anonymous_2)
FN:70,(anonymous_3)
FN:79,(anonymous_4)
FN:91,(anonymous_5)
FNF:6
FNH:6
FNDA:2,(anonymous_0)
FNDA:4,(anonymous_1)
FNDA:3,(anonymous_2)
FNDA:2,(anonymous_3)
FNDA:3,(anonymous_4)
FNDA:3,(anonymous_5)
DA:1,1
DA:3,1
DA:4,2
DA:6,2
DA:7,2
DA:13,1
DA:15,1
DA:19,1
DA:20,4
DA:22,4
DA:23,4
DA:24,1
DA:30,3
DA:32,3
DA:33,1
DA:39,2
DA:40,2
DA:46,1
DA:48,1
DA:55,1
DA:56,3
DA:57,3
DA:61,2
DA:62,1
DA:64,1
DA:66,1
DA:70,1
DA:71,2
DA:72,2
DA:73,1
DA:75,1
DA:79,1
DA:80,3
DA:81,3
DA:82,2
DA:83,1
DA:85,1
DA:87,1
DA:91,1
DA:92,3
DA:93,3
DA:94,3
DA:95,2
DA:96,1
DA:98,1
DA:100,1
DA:104,1
LF:47
LH:47
BRDA:23,0,0,1
BRDA:23,0,1,3
BRDA:23,1,0,4
BRDA:23,1,1,3
BRDA:32,2,0,1
BRDA:32,2,1,2
BRDA:61,3,0,1
BRDA:61,3,1,1
BRDA:82,4,0,1
BRDA:82,4,1,1
BRDA:95,5,0,1
BRDA:95,5,1,1
BRF:12
BRH:12
end_of_record
TN:
SF:src\controllers\customer.controller.js
FN:3,(anonymous_0)
FN:12,(anonymous_1)
FN:26,(anonymous_2)
FN:39,(anonymous_3)
FN:53,(anonymous_4)
FN:66,(anonymous_5)
FNF:6
FNH:6
FNDA:2,(anonymous_0)
FNDA:3,(anonymous_1)
FNDA:3,(anonymous_2)
FNDA:3,(anonymous_3)
FNDA:3,(anonymous_4)
FNDA:3,(anonymous_5)
DA:1,1
DA:3,1
DA:4,2
DA:5,2
DA:6,1
DA:8,1
DA:12,1
DA:13,3
DA:14,3
DA:15,2
DA:16,1
DA:18,1
DA:21,1
DA:26,1
DA:27,3
DA:28,3
DA:29,2
DA:30,1
DA:32,1
DA:35,1
DA:39,1
DA:40,3
DA:41,3
DA:42,3
DA:43,2
DA:44,1
DA:46,1
DA:49,1
DA:53,1
DA:54,3
DA:55,3
DA:56,2
DA:57,1
DA:59,1
DA:62,1
DA:66,1
DA:67,3
DA:68,3
DA:69,3
DA:70,3
DA:71,3
DA:72,2
DA:73,1
DA:75,1
DA:78,1
DA:82,1
LF:46
LH:46
BRDA:15,0,0,1
BRDA:15,0,1,1
BRDA:29,1,0,1
BRDA:29,1,1,1
BRDA:43,2,0,1
BRDA:43,2,1,1
BRDA:56,3,0,1
BRDA:56,3,1,1
BRDA:68,4,0,3
BRDA:68,4,1,0
BRDA:69,5,0,3
BRDA:69,5,1,0
BRDA:72,6,0,1
BRDA:72,6,1,1
BRF:14
BRH:12
end_of_record
TN:
SF:src\middlewares\cls.js
FN:7,(anonymous_0)
FN:10,(anonymous_1)
FNF:2
FNH:0
FNDA:0,(anonymous_0)
FNDA:0,(anonymous_1)
DA:2,5
DA:5,5
DA:7,5
DA:8,0
DA:9,0
DA:10,0
DA:11,0
DA:12,0
DA:15,0
DA:16,0
DA:21,5
LF:11
LH:4
BRDA:8,0,0,0
BRDA:8,0,1,0
BRF:2
BRH:0
end_of_record
TN:
SF:src\models\company.model.js
FNF:0
FNH:0
DA:1,5
DA:2,5
DA:4,5
DA:44,5
LF:4
LH:4
BRF:0
BRH:0
end_of_record
TN:
SF:src\models\companyUser.model.js
FNF:0
FNH:0
DA:1,5
DA:2,5
DA:4,5
DA:48,5
LF:4
LH:4
BRF:0
BRH:0
end_of_record
TN:
SF:src\models\companyrole.model.js
FNF:0
FNH:0
DA:1,5
DA:2,5
DA:4,5
DA:47,5
LF:4
LH:4
BRF:0
BRH:0
end_of_record
TN:
SF:src\models\customer.model.js
FNF:0
FNH:0
DA:1,5
DA:2,5
DA:4,5
DA:36,5
LF:4
LH:4
BRF:0
BRH:0
end_of_record
TN:
SF:src\models\index.js
FNF:0
FNH:0
DA:2,5
DA:3,5
DA:4,5
DA:5,5
DA:6,5
DA:7,5
DA:8,5
DA:9,5
DA:10,5
DA:11,5
DA:12,5
DA:13,5
DA:14,5
DA:15,5
DA:16,5
DA:17,5
DA:18,5
DA:19,5
DA:20,5
DA:21,5
DA:24,5
DA:28,5
DA:33,5
DA:39,5
DA:45,5
DA:49,5
DA:55,5
DA:59,5
DA:65,5
DA:69,5
DA:75,5
DA:79,5
DA:85,5
DA:90,5
DA:96,5
DA:100,5
DA:106,5
DA:111,5
DA:117,5
DA:123,5
DA:129,5
DA:135,5
DA:140,5
DA:146,5
DA:152,5
DA:157,5
DA:163,5
DA:170,5
DA:177,5
DA:185,5
DA:190,5
DA:196,5
DA:201,5
DA:206,5
LF:54
LH:54
BRF:0
BRH:0
end_of_record
TN:
SF:src\models\individualPermission.model.js
FNF:0
FNH:0
DA:1,5
DA:2,5
DA:4,5
DA:76,5
LF:4
LH:4
BRF:0
BRH:0
end_of_record
TN:
SF:src\models\module.model.js
FNF:0
FNH:0
DA:1,5
DA:2,5
DA:4,5
DA:41,5
LF:4
LH:4
BRF:0
BRH:0
end_of_record
TN:
SF:src\models\notification.model.js
FNF:0
FNH:0
DA:1,5
DA:2,5
DA:4,5
DA:57,5
LF:4
LH:4
BRF:0
BRH:0
end_of_record
TN:
SF:src\models\questionTemplate.model.js
FNF:0
FNH:0
DA:1,5
DA:2,5
DA:4,5
DA:53,5
LF:4
LH:4
BRF:0
BRH:0
end_of_record
TN:
SF:src\models\rolePermission.model.js
FNF:0
FNH:0
DA:1,5
DA:2,5
DA:4,5
DA:76,5
LF:4
LH:4
BRF:0
BRH:0
end_of_record
TN:
SF:src\models\servicePackage.model.js
FNF:0
FNH:0
DA:1,5
DA:2,5
DA:4,5
DA:70,5
LF:4
LH:4
BRF:0
BRH:0
end_of_record
TN:
SF:src\models\survey.model.js
FNF:0
FNH:0
DA:1,5
DA:2,5
DA:3,5
DA:4,5
DA:8,5
DA:85,5
LF:6
LH:6
BRF:0
BRH:0
end_of_record
TN:
SF:src\models\surveyDetail.model.js
FNF:0
FNH:0
DA:1,5
DA:2,5
DA:4,5
DA:55,5
LF:4
LH:4
BRF:0
BRH:0
end_of_record
TN:
SF:src\models\surveyQuestion.model.js
FNF:0
FNH:0
DA:1,5
DA:2,5
DA:4,5
DA:43,5
LF:4
LH:4
BRF:0
BRH:0
end_of_record
TN:
SF:src\models\surveyReport.model.js
FNF:0
FNH:0
DA:1,5
DA:2,5
DA:4,5
DA:88,5
LF:4
LH:4
BRF:0
BRH:0
end_of_record
TN:
SF:src\models\surveyResponse.model.js
FNF:0
FNH:0
DA:1,5
DA:2,5
DA:4,5
DA:50,5
LF:4
LH:4
BRF:0
BRH:0
end_of_record
TN:
SF:src\models\surveyType.model.js
FNF:0
FNH:0
DA:1,5
DA:2,5
DA:4,5
DA:38,5
LF:4
LH:4
BRF:0
BRH:0
end_of_record
TN:
SF:src\models\ticket.model.js
FNF:0
FNH:0
DA:1,5
DA:2,5
DA:4,5
DA:47,5
LF:4
LH:4
BRF:0
BRH:0
end_of_record
TN:
SF:src\models\user.model.js
FNF:0
FNH:0
DA:1,5
DA:2,5
DA:4,5
DA:83,5
LF:4
LH:4
BRF:0
BRH:0
end_of_record
TN:
SF:src\models\userActivityLog.model.js
FNF:0
FNH:0
DA:1,5
DA:2,5
DA:4,5
DA:54,5
LF:4
LH:4
BRF:0
BRH:0
end_of_record
TN:
SF:src\models\userPackage.model.js
FNF:0
FNH:0
DA:1,5
DA:2,5
DA:4,5
DA:41,5
LF:4
LH:4
BRF:0
BRH:0
end_of_record
TN:
SF:src\services\auth.service.js
FN:14,(anonymous_0)
FN:80,(anonymous_1)
FN:148,(anonymous_2)
FN:161,(anonymous_3)
FN:179,(anonymous_4)
FN:193,(anonymous_5)
FN:203,(anonymous_6)
FNF:7
FNH:0
FNDA:0,(anonymous_0)
FNDA:0,(anonymous_1)
FNDA:0,(anonymous_2)
FNDA:0,(anonymous_3)
FNDA:0,(anonymous_4)
FNDA:0,(anonymous_5)
FNDA:0,(anonymous_6)
DA:1,4
DA:9,4
DA:10,4
DA:11,4
DA:12,4
DA:14,4
DA:15,0
DA:16,0
DA:18,0
DA:19,0
DA:23,0
DA:24,0
DA:28,0
DA:29,0
DA:36,0
DA:44,0
DA:51,0
DA:54,0
DA:59,0
DA:65,0
DA:71,0
DA:72,0
DA:80,4
DA:81,0
DA:83,0
DA:85,0
DA:87,0
DA:89,0
DA:91,0
DA:92,0
DA:95,0
DA:97,0
DA:111,0
DA:120,0
DA:128,0
DA:129,0
DA:130,0
DA:139,0
DA:140,0
DA:148,4
DA:149,0
DA:154,0
DA:161,4
DA:162,0
DA:164,0
DA:167,0
DA:168,0
DA:171,0
DA:173,0
DA:174,0
DA:179,0
DA:180,0
DA:181,0
DA:183,0
DA:187,0
DA:188,0
DA:193,0
DA:194,0
DA:198,0
DA:203,0
DA:205,0
DA:210,0
DA:214,4
LF:63
LH:10
BRDA:18,0,0,0
BRDA:18,0,1,0
BRDA:23,1,0,0
BRDA:23,1,1,0
BRDA:28,2,0,0
BRDA:28,2,1,0
BRDA:91,3,0,0
BRDA:91,3,1,0
BRDA:142,4,0,0
BRDA:142,4,1,0
BRDA:167,5,0,0
BRDA:167,5,1,0
BRDA:173,6,0,0
BRDA:173,6,1,0
BRDA:180,7,0,0
BRDA:180,7,1,0
BRDA:187,8,0,0
BRDA:187,8,1,0
BRDA:194,9,0,0
BRDA:194,9,1,0
BRDA:195,10,0,0
BRDA:195,10,1,0
BRDA:210,11,0,0
BRDA:210,11,1,0
BRF:24
BRH:0
end_of_record
TN:
SF:src\services\company.service.js
FN:23,(anonymous_0)
FN:75,(anonymous_1)
FN:122,(anonymous_2)
FN:280,(anonymous_3)
FN:329,(anonymous_4)
FN:362,(anonymous_5)
FN:421,(anonymous_6)
FN:443,(anonymous_7)
FN:478,(anonymous_8)
FN:492,(anonymous_9)
FNF:10
FNH:0
FNDA:0,(anonymous_0)
FNDA:0,(anonymous_1)
FNDA:0,(anonymous_2)
FNDA:0,(anonymous_3)
FNDA:0,(anonymous_4)
FNDA:0,(anonymous_5)
FNDA:0,(anonymous_6)
FNDA:0,(anonymous_7)
FNDA:0,(anonymous_8)
FNDA:0,(anonymous_9)
DA:18,4
DA:19,4
DA:20,4
DA:21,4
DA:23,4
DA:24,0
DA:26,0
DA:27,0
DA:30,0
DA:31,0
DA:32,0
DA:34,0
DA:35,0
DA:39,0
DA:40,0
DA:41,0
DA:45,0
DA:49,0
DA:57,0
DA:59,0
DA:60,0
DA:67,0
DA:75,4
DA:76,0
DA:77,0
DA:79,0
DA:80,0
DA:86,0
DA:87,0
DA:88,0
DA:89,0
DA:95,0
DA:96,0
DA:103,0
DA:104,0
DA:106,0
DA:112,0
DA:122,4
DA:123,0
DA:124,0
DA:126,0
DA:127,0
DA:134,0
DA:136,0
DA:137,0
DA:139,0
DA:146,0
DA:152,0
DA:153,0
DA:158,0
DA:159,0
DA:164,0
DA:169,0
DA:174,0
DA:179,0
DA:184,0
DA:191,0
DA:197,0
DA:202,0
DA:207,0
DA:208,0
DA:209,0
DA:212,0
DA:218,0
DA:225,0
DA:226,0
DA:227,0
DA:231,0
DA:234,0
DA:236,0
DA:242,0
DA:243,0
DA:244,0
DA:251,0
DA:256,0
DA:260,0
DA:261,0
DA:268,0
DA:280,4
DA:286,0
DA:287,0
DA:288,0
DA:290,0
DA:303,0
DA:304,0
DA:314,0
DA:318,0
DA:320,0
DA:321,0
DA:329,4
DA:330,0
DA:331,0
DA:333,0
DA:334,0
DA:339,0
DA:340,0
DA:343,0
DA:347,0
DA:348,0
DA:351,0
DA:357,0
DA:362,4
DA:363,0
DA:364,0
DA:370,0
DA:371,0
DA:377,0
DA:378,0
DA:384,0
DA:390,0
DA:391,0
DA:397,0
DA:398,0
DA:405,0
DA:407,0
DA:413,0
DA:421,4
DA:422,0
DA:423,0
DA:424,0
DA:425,0
DA:430,0
DA:435,0
DA:443,4
DA:444,0
DA:445,0
DA:446,0
DA:447,0
DA:453,0
DA:454,0
DA:460,0
DA:463,0
DA:464,0
DA:470,0
DA:472,0
DA:473,0
DA:478,0
DA:479,0
DA:480,0
DA:482,0
DA:486,0
DA:487,0
DA:492,0
DA:493,0
DA:497,0
DA:502,0
DA:504,0
DA:510,0
DA:514,4
LF:149
LH:13
BRDA:31,0,0,0
BRDA:31,0,1,0
BRDA:34,1,0,0
BRDA:34,1,1,0
BRDA:40,2,0,0
BRDA:40,2,1,0
BRDA:69,3,0,0
BRDA:69,3,1,0
BRDA:79,4,0,0
BRDA:79,4,1,0
BRDA:86,5,0,0
BRDA:86,5,1,0
BRDA:88,6,0,0
BRDA:88,6,1,0
BRDA:95,7,0,0
BRDA:95,7,1,0
BRDA:114,8,0,0
BRDA:114,8,1,0
BRDA:126,9,0,0
BRDA:126,9,1,0
BRDA:242,10,0,0
BRDA:242,10,1,0
BRDA:270,11,0,0
BRDA:270,11,1,0
BRDA:303,12,0,0
BRDA:303,12,1,0
BRDA:323,13,0,0
BRDA:323,13,1,0
BRDA:333,14,0,0
BRDA:333,14,1,0
BRDA:339,15,0,0
BRDA:339,15,1,0
BRDA:347,16,0,0
BRDA:347,16,1,0
BRDA:370,17,0,0
BRDA:370,17,1,0
BRDA:377,18,0,0
BRDA:377,18,1,0
BRDA:390,19,0,0
BRDA:390,19,1,0
BRDA:397,20,0,0
BRDA:397,20,1,0
BRDA:424,21,0,0
BRDA:424,21,1,0
BRDA:437,22,0,0
BRDA:437,22,1,0
BRDA:446,23,0,0
BRDA:446,23,1,0
BRDA:453,24,0,0
BRDA:453,24,1,0
BRDA:453,25,0,0
BRDA:453,25,1,0
BRDA:463,26,0,0
BRDA:463,26,1,0
BRDA:472,27,0,0
BRDA:472,27,1,0
BRDA:479,28,0,0
BRDA:479,28,1,0
BRDA:486,29,0,0
BRDA:486,29,1,0
BRDA:493,30,0,0
BRDA:493,30,1,0
BRDA:494,31,0,0
BRDA:494,31,1,0
BRDA:510,32,0,0
BRDA:510,32,1,0
BRF:66
BRH:0
end_of_record
TN:
SF:src\services\companyUser.service.js
FN:17,(anonymous_0)
FN:94,(anonymous_1)
FN:110,(anonymous_2)
FN:134,(anonymous_3)
FNF:4
FNH:0
FNDA:0,(anonymous_0)
FNDA:0,(anonymous_1)
FNDA:0,(anonymous_2)
FNDA:0,(anonymous_3)
DA:1,4
DA:2,4
DA:3,4
DA:4,4
DA:6,4
DA:9,4
DA:17,4
DA:18,0
DA:19,0
DA:20,0
DA:21,0
DA:23,0
DA:24,0
DA:26,0
DA:28,0
DA:29,0
DA:32,0
DA:41,0
DA:73,0
DA:74,0
DA:75,0
DA:76,0
DA:83,0
DA:84,0
DA:94,4
DA:95,0
DA:96,0
DA:98,0
DA:99,0
DA:102,0
DA:103,0
DA:104,0
DA:106,0
DA:110,4
DA:111,0
DA:112,0
DA:120,0
DA:121,0
DA:124,0
DA:130,0
DA:134,4
DA:135,0
DA:136,0
DA:144,0
DA:150,0
DA:154,4
LF:46
LH:11
BRDA:23,0,0,0
BRDA:23,0,1,0
BRDA:23,1,0,0
BRDA:23,1,1,0
BRDA:28,2,0,0
BRDA:28,2,1,0
BRDA:87,3,0,0
BRDA:87,3,1,0
BRDA:98,4,0,0
BRDA:98,4,1,0
BRDA:120,5,0,0
BRDA:120,5,1,0
BRF:12
BRH:0
end_of_record
TN:
SF:src\services\companyrole.service.js
FN:6,(anonymous_0)
FN:40,(anonymous_1)
FN:83,(anonymous_2)
FN:125,(anonymous_3)
FN:187,(anonymous_4)
FN:213,(anonymous_5)
FN:245,(anonymous_6)
FNF:7
FNH:0
FNDA:0,(anonymous_0)
FNDA:0,(anonymous_1)
FNDA:0,(anonymous_2)
FNDA:0,(anonymous_3)
FNDA:0,(anonymous_4)
FNDA:0,(anonymous_5)
FNDA:0,(anonymous_6)
DA:1,4
DA:2,4
DA:3,4
DA:4,4
DA:6,4
DA:7,0
DA:8,0
DA:10,0
DA:11,0
DA:13,0
DA:14,0
DA:15,0
DA:18,0
DA:19,0
DA:21,0
DA:30,0
DA:32,0
DA:40,4
DA:41,0
DA:42,0
DA:43,0
DA:50,0
DA:57,0
DA:58,0
DA:65,0
DA:70,0
DA:71,0
DA:78,0
DA:79,0
DA:83,0
DA:84,0
DA:85,0
DA:94,0
DA:101,0
DA:103,0
DA:111,0
DA:112,0
DA:117,0
DA:125,4
DA:126,0
DA:128,0
DA:129,0
DA:130,0
DA:131,0
DA:132,0
DA:139,0
DA:145,0
DA:151,0
DA:153,0
DA:158,0
DA:165,0
DA:170,0
DA:171,0
DA:173,0
DA:178,0
DA:179,0
DA:187,4
DA:188,0
DA:189,0
DA:197,0
DA:205,0
DA:213,4
DA:214,0
DA:215,0
DA:224,0
DA:225,0
DA:231,0
DA:237,0
DA:245,4
DA:246,0
DA:247,0
DA:255,0
DA:256,0
DA:259,0
DA:265,0
DA:269,4
LF:76
LH:11
BRDA:34,0,0,0
BRDA:34,0,1,0
BRDA:42,1,0,0
BRDA:42,1,1,0
BRDA:57,2,0,0
BRDA:57,2,1,0
BRDA:78,3,0,0
BRDA:78,3,1,0
BRDA:84,4,0,0
BRDA:84,4,1,0
BRDA:111,5,0,0
BRDA:111,5,1,0
BRDA:119,6,0,0
BRDA:119,6,1,0
BRDA:130,7,0,0
BRDA:130,7,1,0
BRDA:181,8,0,0
BRDA:181,8,1,0
BRDA:207,9,0,0
BRDA:207,9,1,0
BRDA:224,10,0,0
BRDA:224,10,1,0
BRDA:239,11,0,0
BRDA:239,11,1,0
BRDA:255,12,0,0
BRDA:255,12,1,0
BRF:26
BRH:0
end_of_record
TN:
SF:src\services\customer.service.js
FN:5,(anonymous_0)
FN:14,(anonymous_1)
FN:36,(anonymous_2)
FN:69,(anonymous_3)
FN:106,(anonymous_4)
FN:119,(anonymous_5)
FNF:6
FNH:0
FNDA:0,(anonymous_0)
FNDA:0,(anonymous_1)
FNDA:0,(anonymous_2)
FNDA:0,(anonymous_3)
FNDA:0,(anonymous_4)
FNDA:0,(anonymous_5)
DA:1,4
DA:2,4
DA:3,4
DA:5,4
DA:6,0
DA:7,0
DA:8,0
DA:10,0
DA:14,4
DA:15,0
DA:16,0
DA:17,0
DA:18,0
DA:24,0
DA:27,0
DA:28,0
DA:30,0
DA:32,0
DA:36,4
DA:37,0
DA:38,0
DA:39,0
DA:40,0
DA:43,0
DA:44,0
DA:48,0
DA:49,0
DA:54,0
DA:59,0
DA:60,0
DA:62,0
DA:64,0
DA:65,0
DA:69,4
DA:70,0
DA:71,0
DA:72,0
DA:74,0
DA:93,0
DA:94,0
DA:101,0
DA:102,0
DA:106,4
DA:107,0
DA:108,0
DA:109,0
DA:110,0
DA:113,0
DA:115,0
DA:119,4
DA:120,0
DA:121,0
DA:122,0
DA:130,0
DA:131,0
DA:134,0
DA:140,0
DA:144,4
LF:58
LH:10
BRDA:17,0,0,0
BRDA:17,0,1,0
BRDA:27,1,0,0
BRDA:27,1,1,0
BRDA:39,2,0,0
BRDA:39,2,1,0
BRDA:109,3,0,0
BRDA:109,3,1,0
BRDA:130,4,0,0
BRDA:130,4,1,0
BRF:10
BRH:0
end_of_record
TN:
SF:src\services\index.js
FNF:0
FNH:0
DA:1,5
DA:2,5
DA:3,5
DA:4,5
DA:5,5
DA:6,5
DA:7,5
DA:8,5
DA:9,5
DA:10,5
DA:11,5
DA:12,5
DA:13,5
DA:14,5
DA:15,5
DA:16,5
DA:18,5
LF:17
LH:17
BRF:0
BRH:0
end_of_record
TN:
SF:src\services\individualPermission.service.js
FN:3,(anonymous_0)
FN:35,(anonymous_1)
FN:80,(anonymous_2)
FN:112,(anonymous_3)
FN:134,(anonymous_4)
FN:150,(anonymous_5)
FNF:6
FNH:0
FNDA:0,(anonymous_0)
FNDA:0,(anonymous_1)
FNDA:0,(anonymous_2)
FNDA:0,(anonymous_3)
FNDA:0,(anonymous_4)
FNDA:0,(anonymous_5)
DA:1,5
DA:3,5
DA:4,0
DA:6,0
DA:8,0
DA:15,0
DA:16,0
DA:24,0
DA:25,0
DA:31,0
DA:35,5
DA:40,0
DA:42,0
DA:43,0
DA:44,0
DA:45,0
DA:52,0
DA:53,0
DA:60,0
DA:67,0
DA:68,0
DA:71,0
DA:76,0
DA:80,5
DA:81,0
DA:82,0
DA:89,0
DA:90,0
DA:97,0
DA:103,0
DA:108,0
DA:112,5
DA:113,0
DA:114,0
DA:121,0
DA:122,0
DA:124,0
DA:130,0
DA:134,5
DA:135,0
DA:136,0
DA:137,0
DA:138,0
DA:140,0
DA:146,0
DA:150,5
DA:151,0
DA:152,0
DA:153,0
DA:155,0
DA:159,0
DA:160,0
DA:166,0
DA:172,0
DA:176,5
LF:55
LH:8
BRDA:15,0,0,0
BRDA:15,0,1,0
BRDA:52,1,0,0
BRDA:52,1,1,0
BRDA:67,2,0,0
BRDA:67,2,1,0
BRDA:89,3,0,0
BRDA:89,3,1,0
BRDA:121,4,0,0
BRDA:121,4,1,0
BRDA:137,5,0,0
BRDA:137,5,1,0
BRDA:153,6,0,0
BRDA:153,6,1,0
BRDA:159,7,0,0
BRDA:159,7,1,0
BRF:16
BRH:0
end_of_record
TN:
SF:src\services\module.service.js
FN:6,(anonymous_0)
FN:16,(anonymous_1)
FN:39,(anonymous_2)
FN:85,(anonymous_3)
FN:94,(anonymous_4)
FN:108,(anonymous_5)
FNF:6
FNH:0
FNDA:0,(anonymous_0)
FNDA:0,(anonymous_1)
FNDA:0,(anonymous_2)
FNDA:0,(anonymous_3)
FNDA:0,(anonymous_4)
FNDA:0,(anonymous_5)
DA:1,5
DA:2,5
DA:3,5
DA:4,5
DA:6,5
DA:7,0
DA:8,0
DA:9,0
DA:10,0
DA:12,0
DA:16,5
DA:17,0
DA:18,0
DA:19,0
DA:20,0
DA:26,0
DA:29,0
DA:30,0
DA:32,0
DA:33,0
DA:35,0
DA:39,5
DA:40,0
DA:41,0
DA:43,0
DA:45,0
DA:46,0
DA:47,0
DA:51,0
DA:55,0
DA:57,0
DA:61,0
DA:65,0
DA:67,0
DA:71,0
DA:74,0
DA:76,0
DA:77,0
DA:79,0
DA:80,0
DA:85,5
DA:86,0
DA:87,0
DA:88,0
DA:90,0
DA:94,5
DA:95,0
DA:96,0
DA:98,0
DA:99,0
DA:102,0
DA:104,0
DA:108,5
DA:109,0
DA:110,0
DA:111,0
DA:119,0
DA:120,0
DA:123,0
DA:125,0
DA:129,5
LF:61
LH:11
BRDA:19,0,0,0
BRDA:19,0,1,0
BRDA:29,1,0,0
BRDA:29,1,1,0
BRDA:45,2,0,0
BRDA:45,2,1,0
BRDA:98,3,0,0
BRDA:98,3,1,0
BRDA:119,4,0,0
BRDA:119,4,1,0
BRF:10
BRH:0
end_of_record
TN:
SF:src\services\questionTemplate.service.js
FN:5,(anonymous_0)
FN:15,(anonymous_1)
FN:39,(anonymous_2)
FN:53,(anonymous_3)
FN:68,(anonymous_4)
FN:87,(anonymous_5)
FNF:6
FNH:0
FNDA:0,(anonymous_0)
FNDA:0,(anonymous_1)
FNDA:0,(anonymous_2)
FNDA:0,(anonymous_3)
FNDA:0,(anonymous_4)
FNDA:0,(anonymous_5)
DA:1,5
DA:2,5
DA:3,5
DA:5,5
DA:6,0
DA:7,0
DA:8,0
DA:9,0
DA:11,0
DA:15,5
DA:16,0
DA:18,0
DA:19,0
DA:21,0
DA:32,0
DA:34,0
DA:39,5
DA:40,0
DA:41,0
DA:42,0
DA:43,0
DA:45,0
DA:46,0
DA:47,0
DA:49,0
DA:53,5
DA:54,0
DA:55,0
DA:58,0
DA:59,0
DA:61,0
DA:62,0
DA:64,0
DA:68,5
DA:69,0
DA:70,0
DA:78,0
DA:79,0
DA:81,0
DA:83,0
DA:87,5
DA:88,0
DA:89,0
DA:111,0
DA:113,0
DA:117,5
LF:46
LH:10
BRDA:18,0,0,0
BRDA:18,0,1,0
BRDA:19,1,0,0
BRDA:19,1,1,0
BRDA:42,2,0,0
BRDA:42,2,1,0
BRDA:58,3,0,0
BRDA:58,3,1,0
BRDA:78,4,0,0
BRDA:78,4,1,0
BRF:10
BRH:0
end_of_record
TN:
SF:src\services\report.service.js
FN:5,(anonymous_0)
FN:73,(anonymous_1)
FN:137,(anonymous_2)
FN:160,(anonymous_3)
FN:192,(anonymous_4)
FN:224,(anonymous_5)
FNF:6
FNH:0
FNDA:0,(anonymous_0)
FNDA:0,(anonymous_1)
FNDA:0,(anonymous_2)
FNDA:0,(anonymous_3)
FNDA:0,(anonymous_4)
FNDA:0,(anonymous_5)
DA:1,5
DA:2,5
DA:3,5
DA:5,5
DA:6,0
DA:7,0
DA:9,0
DA:10,0
DA:11,0
DA:13,0
DA:23,0
DA:31,0
DA:36,0
DA:41,0
DA:56,0
DA:57,0
DA:68,0
DA:73,5
DA:74,0
DA:75,0
DA:76,0
DA:77,0
DA:78,0
DA:79,0
DA:82,0
DA:89,0
DA:91,0
DA:107,0
DA:115,0
DA:125,0
DA:133,0
DA:137,5
DA:138,0
DA:139,0
DA:140,0
DA:141,0
DA:142,0
DA:143,0
DA:146,0
DA:148,0
DA:151,0
DA:154,0
DA:155,0
DA:160,5
DA:161,0
DA:186,0
DA:192,5
DA:193,0
DA:219,0
DA:224,5
DA:225,0
DA:226,0
DA:227,0
DA:228,0
DA:229,0
DA:230,0
DA:233,0
DA:241,0
DA:242,0
DA:245,0
DA:255,0
DA:261,0
DA:262,0
DA:267,5
LF:64
LH:10
BRDA:7,0,0,0
BRDA:7,0,1,0
BRDA:78,1,0,0
BRDA:78,1,1,0
BRDA:78,2,0,0
BRDA:78,2,1,0
BRDA:89,3,0,0
BRDA:89,3,1,0
BRDA:142,4,0,0
BRDA:142,4,1,0
BRDA:142,5,0,0
BRDA:142,5,1,0
BRDA:146,6,0,0
BRDA:146,6,1,0
BRDA:229,7,0,0
BRDA:229,7,1,0
BRDA:229,8,0,0
BRDA:229,8,1,0
BRDA:241,9,0,0
BRDA:241,9,1,0
BRF:20
BRH:0
end_of_record
TN:
SF:src\services\servicePackage.service.js
FN:5,(anonymous_0)
FNF:1
FNH:0
FNDA:0,(anonymous_0)
DA:1,5
DA:2,5
DA:3,5
DA:5,5
DA:6,0
DA:7,0
DA:8,0
DA:10,0
DA:14,5
LF:9
LH:5
BRF:0
BRH:0
end_of_record
TN:
SF:src\services\survey.service.js
FN:31,(anonymous_0)
FN:85,(anonymous_1)
FN:143,(anonymous_2)
FN:176,(anonymous_3)
FN:210,(anonymous_4)
FN:224,(anonymous_5)
FN:250,(anonymous_6)
FN:298,(anonymous_7)
FN:363,(anonymous_8)
FN:377,(anonymous_9)
FN:381,(anonymous_10)
FN:435,(anonymous_11)
FN:436,(anonymous_12)
FN:452,(anonymous_13)
FN:455,(anonymous_14)
FN:463,(anonymous_15)
FN:465,(anonymous_16)
FN:470,(anonymous_17)
FN:477,(anonymous_18)
FN:484,(anonymous_19)
FN:491,(anonymous_20)
FN:544,(anonymous_21)
FN:571,(anonymous_22)
FN:580,(anonymous_23)
FN:590,(anonymous_24)
FN:614,(anonymous_25)
FNF:26
FNH:0
FNDA:0,(anonymous_0)
FNDA:0,(anonymous_1)
FNDA:0,(anonymous_2)
FNDA:0,(anonymous_3)
FNDA:0,(anonymous_4)
FNDA:0,(anonymous_5)
FNDA:0,(anonymous_6)
FNDA:0,(anonymous_7)
FNDA:0,(anonymous_8)
FNDA:0,(anonymous_9)
FNDA:0,(anonymous_10)
FNDA:0,(anonymous_11)
FNDA:0,(anonymous_12)
FNDA:0,(anonymous_13)
FNDA:0,(anonymous_14)
FNDA:0,(anonymous_15)
FNDA:0,(anonymous_16)
FNDA:0,(anonymous_17)
FNDA:0,(anonymous_18)
FNDA:0,(anonymous_19)
FNDA:0,(anonymous_20)
FNDA:0,(anonymous_21)
FNDA:0,(anonymous_22)
FNDA:0,(anonymous_23)
FNDA:0,(anonymous_24)
FNDA:0,(anonymous_25)
DA:1,5
DA:13,5
DA:17,5
DA:18,5
DA:19,5
DA:20,5
DA:22,5
DA:23,5
DA:31,5
DA:32,0
DA:33,0
DA:36,0
DA:37,0
DA:39,0
DA:56,0
DA:57,0
DA:66,0
DA:67,0
DA:68,0
DA:70,0
DA:77,0
DA:78,0
DA:80,0
DA:81,0
DA:85,5
DA:86,0
DA:87,0
DA:88,0
DA:89,0
DA:99,0
DA:100,0
DA:103,0
DA:107,0
DA:108,0
DA:109,0
DA:123,0
DA:126,0
DA:127,0
DA:136,0
DA:138,0
DA:139,0
DA:143,5
DA:144,0
DA:145,0
DA:166,0
DA:167,0
DA:170,0
DA:172,0
DA:176,5
DA:177,0
DA:178,0
DA:200,0
DA:201,0
DA:204,0
DA:206,0
DA:210,5
DA:211,0
DA:212,0
DA:214,0
DA:215,0
DA:218,0
DA:220,0
DA:224,5
DA:225,0
DA:227,0
DA:228,0
DA:229,0
DA:232,0
DA:244,0
DA:246,0
DA:250,5
DA:251,0
DA:253,0
DA:255,0
DA:256,0
DA:257,0
DA:258,0
DA:262,0
DA:268,0
DA:269,0
DA:271,0
DA:278,0
DA:279,0
DA:280,0
DA:290,0
DA:291,0
DA:293,0
DA:294,0
DA:298,5
DA:299,0
DA:301,0
DA:302,0
DA:303,0
DA:304,0
DA:308,0
DA:313,0
DA:314,0
DA:319,0
DA:326,0
DA:331,0
DA:337,0
DA:343,0
DA:348,0
DA:355,0
DA:356,0
DA:358,0
DA:359,0
DA:363,5
DA:364,0
DA:365,0
DA:366,0
DA:367,0
DA:368,0
DA:375,0
DA:377,0
DA:380,0
DA:381,0
DA:384,0
DA:385,0
DA:392,0
DA:410,0
DA:413,0
DA:415,0
DA:416,0
DA:422,0
DA:427,0
DA:435,5
DA:436,0
DA:437,0
DA:438,0
DA:441,0
DA:443,0
DA:445,0
DA:447,0
DA:448,0
DA:449,0
DA:452,5
DA:453,0
DA:454,0
DA:455,0
DA:456,0
DA:457,0
DA:458,0
DA:460,0
DA:463,5
DA:464,0
DA:465,0
DA:467,0
DA:470,5
DA:471,0
DA:472,0
DA:473,0
DA:474,0
DA:477,5
DA:478,0
DA:479,0
DA:480,0
DA:481,0
DA:484,5
DA:485,0
DA:486,0
DA:487,0
DA:488,0
DA:491,5
DA:493,0
DA:494,0
DA:497,0
DA:499,0
DA:502,0
DA:504,0
DA:508,0
DA:509,0
DA:510,0
DA:511,0
DA:512,0
DA:516,0
DA:517,0
DA:521,0
DA:522,0
DA:523,0
DA:524,0
DA:525,0
DA:529,0
DA:530,0
DA:531,0
DA:532,0
DA:533,0
DA:537,0
DA:538,0
DA:541,0
DA:544,5
DA:545,0
DA:546,0
DA:567,0
DA:568,0
DA:571,0
DA:572,0
DA:573,0
DA:574,0
DA:576,0
DA:578,0
DA:580,0
DA:583,0
DA:584,0
DA:586,0
DA:587,0
DA:589,0
DA:590,0
DA:592,0
DA:593,0
DA:595,0
DA:596,0
DA:597,0
DA:600,0
DA:601,0
DA:602,0
DA:604,0
DA:605,0
DA:608,0
DA:614,0
DA:627,0
DA:629,0
DA:633,5
LF:223
LH:26
BRDA:32,0,0,0
BRDA:32,0,1,0
BRDA:99,1,0,0
BRDA:99,1,1,0
BRDA:166,2,0,0
BRDA:166,2,1,0
BRDA:200,3,0,0
BRDA:200,3,1,0
BRDA:214,4,0,0
BRDA:214,4,1,0
BRDA:228,5,0,0
BRDA:228,5,1,0
BRDA:256,6,0,0
BRDA:256,6,1,0
BRDA:268,7,0,0
BRDA:268,7,1,0
BRDA:269,8,0,0
BRDA:269,8,1,0
BRDA:303,9,0,0
BRDA:303,9,1,0
BRDA:367,10,0,0
BRDA:367,10,1,0
BRDA:367,11,0,0
BRDA:367,11,1,0
BRDA:375,12,0,0
BRDA:375,12,1,0
BRDA:380,13,0,0
BRDA:380,13,1,0
BRDA:380,14,0,0
BRDA:380,14,1,0
BRDA:384,15,0,0
BRDA:384,15,1,0
BRDA:415,16,0,0
BRDA:415,16,1,0
BRDA:415,17,0,0
BRDA:415,17,1,0
BRDA:429,18,0,0
BRDA:429,18,1,0
BRDA:437,19,0,0
BRDA:437,19,1,0
BRDA:443,20,0,0
BRDA:443,20,1,0
BRDA:443,21,0,0
BRDA:443,21,1,0
BRDA:445,22,0,0
BRDA:445,22,1,0
BRDA:445,23,0,0
BRDA:445,23,1,0
BRDA:447,24,0,0
BRDA:447,24,1,0
BRDA:448,25,0,0
BRDA:448,25,1,0
BRDA:457,26,0,0
BRDA:457,26,1,0
BRDA:458,27,0,0
BRDA:458,27,1,0
BRDA:471,28,0,0
BRDA:471,28,1,0
BRDA:472,29,0,0
BRDA:472,29,1,0
BRDA:473,30,0,0
BRDA:473,30,1,0
BRDA:478,31,0,0
BRDA:478,31,1,0
BRDA:479,32,0,0
BRDA:479,32,1,0
BRDA:480,33,0,0
BRDA:480,33,1,0
BRDA:485,34,0,0
BRDA:485,34,1,0
BRDA:486,35,0,0
BRDA:486,35,1,0
BRDA:487,36,0,0
BRDA:487,36,1,0
BRDA:493,37,0,0
BRDA:493,37,1,0
BRDA:494,38,0,0
BRDA:494,38,1,0
BRDA:494,38,2,0
BRDA:494,38,3,0
BRDA:494,38,4,0
BRDA:494,38,5,0
BRDA:508,39,0,0
BRDA:508,39,1,0
BRDA:510,40,0,0
BRDA:510,40,1,0
BRDA:511,41,0,0
BRDA:511,41,1,0
BRDA:512,42,0,0
BRDA:512,42,1,0
BRDA:516,43,0,0
BRDA:516,43,1,0
BRDA:517,44,0,0
BRDA:517,44,1,0
BRDA:521,45,0,0
BRDA:521,45,1,0
BRDA:523,46,0,0
BRDA:523,46,1,0
BRDA:523,47,0,0
BRDA:523,47,1,0
BRDA:524,48,0,0
BRDA:524,48,1,0
BRDA:524,49,0,0
BRDA:524,49,1,0
BRDA:525,50,0,0
BRDA:525,50,1,0
BRDA:525,51,0,0
BRDA:525,51,1,0
BRDA:529,52,0,0
BRDA:529,52,1,0
BRDA:531,53,0,0
BRDA:531,53,1,0
BRDA:531,54,0,0
BRDA:531,54,1,0
BRDA:532,55,0,0
BRDA:532,55,1,0
BRDA:533,56,0,0
BRDA:533,56,1,0
BRDA:537,57,0,0
BRDA:537,57,1,0
BRDA:567,58,0,0
BRDA:567,58,1,0
BRDA:567,59,0,0
BRDA:567,59,1,0
BRDA:576,60,0,0
BRDA:576,60,1,0
BRDA:576,60,2,0
BRDA:576,60,3,0
BRDA:576,60,4,0
BRDA:576,60,5,0
BRDA:592,61,0,0
BRDA:592,61,1,0
BRF:132
BRH:0
end_of_record
TN:
SF:src\services\surveyQuestion.service.js
FN:3,(anonymous_0)
FN:18,(anonymous_1)
FN:46,(anonymous_2)
FNF:3
FNH:0
FNDA:0,(anonymous_0)
FNDA:0,(anonymous_1)
FNDA:0,(anonymous_2)
DA:1,5
DA:3,5
DA:4,0
DA:5,0
DA:8,0
DA:14,0
DA:18,5
DA:19,0
DA:20,0
DA:25,0
DA:26,0
DA:33,0
DA:36,0
DA:42,0
DA:46,5
DA:47,0
DA:48,0
DA:52,0
DA:53,0
DA:58,0
DA:63,0
DA:68,0
DA:69,0
DA:75,0
DA:77,0
DA:81,5
LF:26
LH:5
BRDA:25,0,0,0
BRDA:25,0,1,0
BRDA:68,1,0,0
BRDA:68,1,1,0
BRF:4
BRH:0
end_of_record
TN:
SF:src\services\surveyResponse.service.js
FN:10,(anonymous_0)
FN:66,(anonymous_1)
FN:112,(anonymous_2)
FN:120,(anonymous_3)
FN:128,(anonymous_4)
FN:140,(anonymous_5)
FN:178,(anonymous_6)
FN:206,(anonymous_7)
FNF:8
FNH:0
FNDA:0,(anonymous_0)
FNDA:0,(anonymous_1)
FNDA:0,(anonymous_2)
FNDA:0,(anonymous_3)
FNDA:0,(anonymous_4)
FNDA:0,(anonymous_5)
FNDA:0,(anonymous_6)
FNDA:0,(anonymous_7)
DA:1,5
DA:8,5
DA:10,5
DA:11,0
DA:12,0
DA:15,0
DA:18,0
DA:20,0
DA:24,0
DA:25,0
DA:28,0
DA:29,0
DA:30,0
DA:32,0
DA:36,0
DA:37,0
DA:38,0
DA:40,0
DA:44,0
DA:46,0
DA:49,0
DA:52,0
DA:53,0
DA:55,0
DA:59,0
DA:61,0
DA:66,5
DA:67,0
DA:71,0
DA:73,0
DA:76,0
DA:78,0
DA:79,0
DA:81,0
DA:83,0
DA:87,0
DA:89,0
DA:90,0
DA:92,0
DA:93,0
DA:95,0
DA:96,0
DA:98,0
DA:99,0
DA:101,0
DA:102,0
DA:104,0
DA:105,0
DA:108,0
DA:112,5
DA:113,0
DA:117,0
DA:120,5
DA:121,0
DA:128,5
DA:129,0
DA:130,0
DA:131,0
DA:132,0
DA:134,0
DA:136,0
DA:140,5
DA:141,0
DA:142,0
DA:143,0
DA:145,0
DA:148,0
DA:149,0
DA:151,0
DA:157,0
DA:163,0
DA:164,0
DA:170,0
DA:171,0
DA:174,0
DA:178,5
DA:179,0
DA:180,0
DA:196,0
DA:197,0
DA:200,0
DA:202,0
DA:206,5
DA:207,0
DA:208,0
DA:214,0
DA:220,0
DA:228,5
LF:88
LH:11
BRDA:15,0,0,0
BRDA:15,0,1,0
BRDA:15,1,0,0
BRDA:15,1,1,0
BRDA:18,2,0,0
BRDA:18,2,1,0
BRDA:24,3,0,0
BRDA:24,3,1,0
BRDA:29,4,0,0
BRDA:29,4,1,0
BRDA:37,5,0,0
BRDA:37,5,1,0
BRDA:53,6,0,0
BRDA:53,6,1,0
BRDA:71,7,0,0
BRDA:71,7,1,0
BRDA:81,8,0,0
BRDA:81,8,1,0
BRDA:87,9,0,0
BRDA:87,9,1,0
BRDA:87,9,2,0
BRDA:87,9,3,0
BRDA:87,9,4,0
BRDA:87,9,5,0
BRDA:131,10,0,0
BRDA:131,10,1,0
BRDA:143,11,0,0
BRDA:143,11,1,0
BRDA:196,12,0,0
BRDA:196,12,1,0
BRF:30
BRH:0
end_of_record
TN:
SF:src\services\user.service.js
FN:26,(anonymous_0)
FN:95,(anonymous_1)
FN:109,(anonymous_2)
FN:138,(anonymous_3)
FN:160,(anonymous_4)
FN:166,(anonymous_5)
FN:205,(anonymous_6)
FN:361,(anonymous_7)
FN:381,(anonymous_8)
FN:430,(anonymous_9)
FN:449,(anonymous_10)
FN:453,(anonymous_11)
FNF:12
FNH:0
FNDA:0,(anonymous_0)
FNDA:0,(anonymous_1)
FNDA:0,(anonymous_2)
FNDA:0,(anonymous_3)
FNDA:0,(anonymous_4)
FNDA:0,(anonymous_5)
FNDA:0,(anonymous_6)
FNDA:0,(anonymous_7)
FNDA:0,(anonymous_8)
FNDA:0,(anonymous_9)
FNDA:0,(anonymous_10)
FNDA:0,(anonymous_11)
DA:1,5
DA:2,5
DA:21,5
DA:22,5
DA:23,5
DA:24,5
DA:26,5
DA:27,0
DA:28,0
DA:29,0
DA:30,0
DA:36,0
DA:38,0
DA:45,0
DA:47,0
DA:49,0
DA:52,0
DA:53,0
DA:58,0
DA:63,0
DA:64,0
DA:66,0
DA:69,0
DA:72,0
DA:73,0
DA:78,0
DA:83,0
DA:84,0
DA:87,0
DA:89,0
DA:90,0
DA:95,0
DA:96,0
DA:97,0
DA:99,0
DA:103,0
DA:104,0
DA:109,0
DA:110,0
DA:114,0
DA:119,0
DA:120,0
DA:121,0
DA:125,0
DA:131,0
DA:133,0
DA:138,5
DA:139,0
DA:140,0
DA:141,0
DA:142,0
DA:149,0
DA:155,0
DA:156,0
DA:160,0
DA:166,5
DA:167,0
DA:168,0
DA:169,0
DA:170,0
DA:171,0
DA:173,0
DA:176,0
DA:177,0
DA:180,0
DA:181,0
DA:189,0
DA:197,0
DA:205,5
DA:206,0
DA:207,0
DA:209,0
DA:215,0
DA:221,0
DA:227,0
DA:228,0
DA:232,0
DA:233,0
DA:238,0
DA:243,0
DA:248,0
DA:253,0
DA:258,0
DA:265,0
DA:271,0
DA:277,0
DA:282,0
DA:283,0
DA:284,0
DA:287,0
DA:293,0
DA:299,0
DA:305,0
DA:306,0
DA:307,0
DA:308,0
DA:312,0
DA:313,0
DA:321,0
DA:327,0
DA:328,0
DA:329,0
DA:336,0
DA:341,0
DA:345,0
DA:346,0
DA:361,5
DA:362,0
DA:363,0
DA:367,0
DA:368,0
DA:371,0
DA:373,0
DA:381,5
DA:387,0
DA:388,0
DA:389,0
DA:391,0
DA:406,0
DA:407,0
DA:417,0
DA:419,0
DA:421,0
DA:422,0
DA:430,5
DA:431,0
DA:432,0
DA:439,0
DA:440,0
DA:447,0
DA:449,0
DA:452,0
DA:453,0
DA:456,0
DA:457,0
DA:464,0
DA:482,0
DA:485,0
DA:487,0
DA:488,0
DA:494,0
DA:499,0
DA:507,5
LF:143
LH:14
BRDA:29,0,0,0
BRDA:29,0,1,0
BRDA:45,1,0,0
BRDA:45,1,1,0
BRDA:45,1,2,0
BRDA:45,1,3,0
BRDA:52,2,0,0
BRDA:52,2,1,0
BRDA:63,3,0,0
BRDA:63,3,1,0
BRDA:72,4,0,0
BRDA:72,4,1,0
BRDA:83,5,0,0
BRDA:83,5,1,0
BRDA:89,6,0,0
BRDA:89,6,1,0
BRDA:96,7,0,0
BRDA:96,7,1,0
BRDA:103,8,0,0
BRDA:103,8,1,0
BRDA:110,9,0,0
BRDA:110,9,1,0
BRDA:111,10,0,0
BRDA:111,10,1,0
BRDA:133,11,0,0
BRDA:133,11,1,0
BRDA:158,12,0,0
BRDA:158,12,1,0
BRDA:159,13,0,0
BRDA:159,13,1,0
BRDA:170,14,0,0
BRDA:170,14,1,0
BRDA:176,15,0,0
BRDA:176,15,1,0
BRDA:199,16,0,0
BRDA:199,16,1,0
BRDA:305,17,0,0
BRDA:305,17,1,0
BRDA:327,18,0,0
BRDA:327,18,1,0
BRDA:367,19,0,0
BRDA:367,19,1,0
BRDA:375,20,0,0
BRDA:375,20,1,0
BRDA:406,21,0,0
BRDA:406,21,1,0
BRDA:424,22,0,0
BRDA:424,22,1,0
BRDA:439,23,0,0
BRDA:439,23,1,0
BRDA:439,24,0,0
BRDA:439,24,1,0
BRDA:447,25,0,0
BRDA:447,25,1,0
BRDA:452,26,0,0
BRDA:452,26,1,0
BRDA:452,27,0,0
BRDA:452,27,1,0
BRDA:456,28,0,0
BRDA:456,28,1,0
BRDA:487,29,0,0
BRDA:487,29,1,0
BRDA:487,30,0,0
BRDA:487,30,1,0
BRDA:501,31,0,0
BRDA:501,31,1,0
BRF:66
BRH:0
end_of_record
TN:
SF:src\services\userActivityLog.service.js
FN:4,(anonymous_0)
FN:14,(anonymous_1)
FNF:2
FNH:0
FNDA:0,(anonymous_0)
FNDA:0,(anonymous_1)
DA:1,5
DA:2,5
DA:4,5
DA:5,0
DA:14,5
DA:15,0
DA:17,0
DA:18,0
DA:20,0
DA:25,0
DA:28,0
DA:34,0
DA:36,0
DA:39,0
DA:44,5
LF:15
LH:5
BRDA:14,0,0,0
BRDA:14,1,0,0
BRDA:18,2,0,0
BRDA:18,2,1,0
BRF:4
BRH:0
end_of_record
TN:
SF:src\services\userPackage.service.js
FN:5,(anonymous_0)
FNF:1
FNH:0
FNDA:0,(anonymous_0)
DA:1,5
DA:2,5
DA:3,5
DA:5,5
DA:6,0
DA:7,0
DA:8,0
DA:10,0
DA:14,5
LF:9
LH:5
BRF:0
BRH:0
end_of_record
TN:
SF:src\utils\index.js
FNF:0
FNH:0
DA:1,4
DA:3,4
LF:2
LH:2
BRF:0
BRH:0
end_of_record
TN:
SF:src\utils\tokenFunctions.js
FN:3,(anonymous_0)
FNF:1
FNH:0
FNDA:0,(anonymous_0)
DA:1,4
DA:3,4
DA:4,0
DA:11,0
DA:12,0
DA:15,0
DA:17,4
LF:7
LH:3
BRDA:3,0,0,0
BRDA:11,1,0,0
BRDA:11,1,1,0
BRF:3
BRH:0
end_of_record
