TN:
SF:src\config\database.js
FNF:0
FNH:0
DA:1,12
DA:2,12
DA:3,12
DA:5,12
DA:16,12
LF:5
LH:5
BRF:0
BRH:0
end_of_record
TN:
SF:src\controllers\auth.controller.js
FN:3,(anonymous_0)
FN:16,(anonymous_1)
FN:25,(anonymous_2)
FN:45,(anonymous_3)
FNF:4
FNH:4
FNDA:4,(anonymous_0)
FNDA:2,(anonymous_1)
FNDA:3,(anonymous_2)
FNDA:3,(anonymous_3)
DA:1,1
DA:3,1
DA:4,4
DA:5,4
DA:10,3
DA:12,1
DA:16,1
DA:17,2
DA:18,2
DA:19,1
DA:21,1
DA:25,1
DA:26,3
DA:28,3
DA:29,3
DA:37,3
DA:38,3
DA:39,2
DA:41,1
DA:45,1
DA:46,3
DA:48,3
DA:49,1
DA:52,2
DA:53,2
DA:54,1
DA:56,1
DA:60,1
LF:28
LH:28
BRDA:48,0,0,1
BRDA:48,0,1,2
BRF:2
BRH:2
end_of_record
TN:
SF:src\controllers\company.controller.js
FN:3,(anonymous_0)
FN:12,(anonymous_1)
FN:24,(anonymous_2)
FN:34,(anonymous_3)
FN:58,(anonymous_4)
FN:78,(anonymous_5)
FN:88,(anonymous_6)
FN:98,(anonymous_7)
FNF:8
FNH:8
FNDA:5,(anonymous_0)
FNDA:3,(anonymous_1)
FNDA:3,(anonymous_2)
FNDA:2,(anonymous_3)
FNDA:4,(anonymous_4)
FNDA:3,(anonymous_5)
FNDA:3,(anonymous_6)
FNDA:2,(anonymous_7)
DA:1,1
DA:3,1
DA:4,5
DA:5,5
DA:6,4
DA:8,1
DA:12,1
DA:13,3
DA:14,3
DA:16,3
DA:17,3
DA:18,2
DA:20,1
DA:24,1
DA:25,3
DA:26,3
DA:27,3
DA:28,2
DA:30,1
DA:34,1
DA:35,2
DA:36,2
DA:37,2
DA:38,2
DA:39,2
DA:42,2
DA:43,1
DA:46,2
DA:52,2
DA:54,0
DA:58,1
DA:59,4
DA:60,4
DA:61,4
DA:62,1
DA:67,3
DA:68,3
DA:69,2
DA:71,1
DA:74,0
DA:78,1
DA:79,3
DA:80,3
DA:81,3
DA:82,2
DA:84,1
DA:88,1
DA:89,3
DA:90,3
DA:91,3
DA:92,2
DA:94,1
DA:98,1
DA:99,2
DA:100,2
DA:101,2
DA:102,1
DA:106,1
DA:110,1
DA:112,0
DA:118,1
LF:61
LH:58
BRDA:38,0,0,2
BRDA:38,0,1,0
BRDA:39,1,0,2
BRDA:39,1,1,0
BRDA:42,2,0,1
BRDA:42,2,1,1
BRDA:61,3,0,1
BRDA:61,3,1,3
BRDA:61,4,0,4
BRDA:61,4,1,2
BRDA:68,5,0,2
BRDA:68,5,1,1
BRDA:101,6,0,1
BRDA:101,6,1,1
BRDA:114,7,0,0
BRDA:114,7,1,0
BRF:16
BRH:12
end_of_record
TN:
SF:src\controllers\companyUser.controller.js
FN:3,(anonymous_0)
FN:36,(anonymous_1)
FN:53,(anonymous_2)
FN:68,(anonymous_3)
FNF:4
FNH:4
FNDA:3,(anonymous_0)
FNDA:3,(anonymous_1)
FNDA:3,(anonymous_2)
FNDA:2,(anonymous_3)
DA:1,1
DA:3,1
DA:4,3
DA:5,3
DA:7,3
DA:8,1
DA:13,2
DA:17,2
DA:21,2
DA:27,1
DA:29,1
DA:36,1
DA:37,3
DA:38,3
DA:43,2
DA:44,1
DA:46,1
DA:49,1
DA:53,1
DA:54,3
DA:55,3
DA:58,2
DA:59,1
DA:61,1
DA:64,1
DA:68,1
DA:69,2
DA:70,2
DA:71,1
DA:73,1
DA:77,1
LF:31
LH:31
BRDA:7,0,0,1
BRDA:7,0,1,2
BRDA:7,1,0,3
BRDA:7,1,1,2
BRDA:31,2,0,1
BRDA:31,2,1,0
BRDA:43,3,0,1
BRDA:43,3,1,1
BRDA:58,4,0,1
BRDA:58,4,1,1
BRF:10
BRH:9
end_of_record
TN:
SF:src\controllers\companyrole.controller.js
FN:3,(anonymous_0)
FN:19,(anonymous_1)
FN:55,(anonymous_2)
FN:70,(anonymous_3)
FN:79,(anonymous_4)
FN:91,(anonymous_5)
FNF:6
FNH:6
FNDA:2,(anonymous_0)
FNDA:4,(anonymous_1)
FNDA:3,(anonymous_2)
FNDA:2,(anonymous_3)
FNDA:3,(anonymous_4)
FNDA:3,(anonymous_5)
DA:1,1
DA:3,1
DA:4,2
DA:6,2
DA:7,2
DA:13,1
DA:15,1
DA:19,1
DA:20,4
DA:22,4
DA:23,4
DA:24,1
DA:30,3
DA:32,3
DA:33,1
DA:39,2
DA:40,2
DA:46,1
DA:48,1
DA:55,1
DA:56,3
DA:57,3
DA:61,2
DA:62,1
DA:64,1
DA:66,1
DA:70,1
DA:71,2
DA:72,2
DA:73,1
DA:75,1
DA:79,1
DA:80,3
DA:81,3
DA:82,2
DA:83,1
DA:85,1
DA:87,1
DA:91,1
DA:92,3
DA:93,3
DA:94,3
DA:95,2
DA:96,1
DA:98,1
DA:100,1
DA:104,1
LF:47
LH:47
BRDA:23,0,0,1
BRDA:23,0,1,3
BRDA:23,1,0,4
BRDA:23,1,1,3
BRDA:32,2,0,1
BRDA:32,2,1,2
BRDA:61,3,0,1
BRDA:61,3,1,1
BRDA:82,4,0,1
BRDA:82,4,1,1
BRDA:95,5,0,1
BRDA:95,5,1,1
BRF:12
BRH:12
end_of_record
TN:
SF:src\controllers\customer.controller.js
FN:3,(anonymous_0)
FN:12,(anonymous_1)
FN:26,(anonymous_2)
FN:39,(anonymous_3)
FN:53,(anonymous_4)
FN:66,(anonymous_5)
FNF:6
FNH:6
FNDA:2,(anonymous_0)
FNDA:3,(anonymous_1)
FNDA:3,(anonymous_2)
FNDA:3,(anonymous_3)
FNDA:3,(anonymous_4)
FNDA:3,(anonymous_5)
DA:1,1
DA:3,1
DA:4,2
DA:5,2
DA:6,1
DA:8,1
DA:12,1
DA:13,3
DA:14,3
DA:15,2
DA:16,1
DA:18,1
DA:21,1
DA:26,1
DA:27,3
DA:28,3
DA:29,2
DA:30,1
DA:32,1
DA:35,1
DA:39,1
DA:40,3
DA:41,3
DA:42,3
DA:43,2
DA:44,1
DA:46,1
DA:49,1
DA:53,1
DA:54,3
DA:55,3
DA:56,2
DA:57,1
DA:59,1
DA:62,1
DA:66,1
DA:67,3
DA:68,3
DA:69,3
DA:70,3
DA:71,3
DA:72,2
DA:73,1
DA:75,1
DA:78,1
DA:82,1
LF:46
LH:46
BRDA:15,0,0,1
BRDA:15,0,1,1
BRDA:29,1,0,1
BRDA:29,1,1,1
BRDA:43,2,0,1
BRDA:43,2,1,1
BRDA:56,3,0,1
BRDA:56,3,1,1
BRDA:68,4,0,3
BRDA:68,4,1,0
BRDA:69,5,0,3
BRDA:69,5,1,0
BRDA:72,6,0,1
BRDA:72,6,1,1
BRF:14
BRH:12
end_of_record
TN:
SF:src\controllers\individualPermission.controller.js
FN:3,(anonymous_0)
FN:16,(anonymous_1)
FN:36,(anonymous_2)
FN:53,(anonymous_3)
FN:70,(anonymous_4)
FN:83,(anonymous_5)
FNF:6
FNH:6
FNDA:3,(anonymous_0)
FNDA:3,(anonymous_1)
FNDA:3,(anonymous_2)
FNDA:3,(anonymous_3)
FNDA:3,(anonymous_4)
FNDA:3,(anonymous_5)
DA:1,1
DA:3,1
DA:4,3
DA:5,3
DA:6,2
DA:7,1
DA:9,1
DA:12,1
DA:16,1
DA:17,3
DA:18,3
DA:20,3
DA:21,3
DA:26,2
DA:27,1
DA:29,1
DA:32,1
DA:36,1
DA:37,3
DA:38,3
DA:39,3
DA:43,2
DA:44,1
DA:46,1
DA:49,1
DA:53,1
DA:54,3
DA:55,3
DA:56,3
DA:60,2
DA:61,1
DA:63,1
DA:66,1
DA:70,1
DA:71,3
DA:72,3
DA:73,2
DA:74,1
DA:76,1
DA:79,1
DA:83,1
DA:84,3
DA:85,3
DA:86,3
DA:89,2
DA:90,1
DA:92,1
DA:95,1
DA:99,1
LF:49
LH:49
BRDA:6,0,0,1
BRDA:6,0,1,1
BRDA:26,1,0,1
BRDA:26,1,1,1
BRDA:43,2,0,1
BRDA:43,2,1,1
BRDA:60,3,0,1
BRDA:60,3,1,1
BRDA:73,4,0,1
BRDA:73,4,1,1
BRDA:89,5,0,1
BRDA:89,5,1,1
BRF:12
BRH:12
end_of_record
TN:
SF:src\controllers\module.controller.js
FN:3,(anonymous_0)
FN:13,(anonymous_1)
FN:30,(anonymous_2)
FN:43,(anonymous_3)
FN:57,(anonymous_4)
FN:70,(anonymous_5)
FNF:6
FNH:6
FNDA:2,(anonymous_0)
FNDA:3,(anonymous_1)
FNDA:3,(anonymous_2)
FNDA:3,(anonymous_3)
FNDA:3,(anonymous_4)
FNDA:2,(anonymous_5)
DA:1,1
DA:3,1
DA:4,2
DA:5,2
DA:6,2
DA:7,1
DA:9,1
DA:13,1
DA:14,3
DA:15,3
DA:20,2
DA:21,1
DA:23,1
DA:26,1
DA:30,1
DA:31,3
DA:32,3
DA:33,2
DA:34,1
DA:36,1
DA:39,1
DA:43,1
DA:44,3
DA:45,3
DA:46,3
DA:47,2
DA:48,1
DA:50,1
DA:53,1
DA:57,1
DA:58,3
DA:59,3
DA:60,2
DA:61,1
DA:63,1
DA:66,1
DA:70,1
DA:71,2
DA:72,2
DA:73,1
DA:74,1
DA:76,0
DA:79,1
DA:83,1
LF:44
LH:43
BRDA:20,0,0,1
BRDA:20,0,1,1
BRDA:33,1,0,1
BRDA:33,1,1,1
BRDA:47,2,0,1
BRDA:47,2,1,1
BRDA:60,3,0,1
BRDA:60,3,1,1
BRDA:73,4,0,1
BRDA:73,4,1,0
BRF:10
BRH:9
end_of_record
TN:
SF:src\controllers\questionTemplate.controller.js
FN:3,(anonymous_0)
FN:12,(anonymous_1)
FN:22,(anonymous_2)
FN:32,(anonymous_3)
FN:42,(anonymous_4)
FN:55,(anonymous_5)
FNF:6
FNH:6
FNDA:2,(anonymous_0)
FNDA:3,(anonymous_1)
FNDA:3,(anonymous_2)
FNDA:3,(anonymous_3)
FNDA:3,(anonymous_4)
FNDA:4,(anonymous_5)
DA:1,1
DA:3,1
DA:4,2
DA:5,2
DA:6,1
DA:8,1
DA:12,1
DA:13,3
DA:14,3
DA:15,3
DA:16,2
DA:18,1
DA:22,1
DA:23,3
DA:24,3
DA:25,3
DA:26,2
DA:28,1
DA:32,1
DA:33,3
DA:34,3
DA:35,3
DA:36,2
DA:38,1
DA:42,1
DA:43,3
DA:44,3
DA:45,3
DA:46,2
DA:47,1
DA:49,1
DA:51,1
DA:55,1
DA:56,4
DA:57,4
DA:58,1
DA:60,3
DA:61,3
DA:62,2
DA:63,1
DA:65,1
DA:67,1
DA:71,1
LF:43
LH:43
BRDA:6,0,0,1
BRDA:6,0,1,0
BRDA:16,1,0,1
BRDA:16,1,1,1
BRDA:26,2,0,1
BRDA:26,2,1,1
BRDA:36,3,0,1
BRDA:36,3,1,1
BRDA:46,4,0,1
BRDA:46,4,1,1
BRDA:57,5,0,1
BRDA:57,5,1,3
BRDA:62,6,0,1
BRDA:62,6,1,1
BRF:14
BRH:13
end_of_record
TN:
SF:src\controllers\report.controller.js
FN:3,(anonymous_0)
FN:11,(anonymous_1)
FN:17,(anonymous_2)
FN:24,(anonymous_3)
FN:31,(anonymous_4)
FNF:5
FNH:5
FNDA:3,(anonymous_0)
FNDA:3,(anonymous_1)
FNDA:3,(anonymous_2)
FNDA:3,(anonymous_3)
FNDA:3,(anonymous_4)
DA:1,1
DA:3,1
DA:4,3
DA:5,3
DA:6,1
DA:8,2
DA:11,1
DA:12,3
DA:13,3
DA:14,3
DA:17,1
DA:18,3
DA:19,3
DA:20,3
DA:24,1
DA:25,3
DA:26,3
DA:27,3
DA:31,1
DA:32,3
DA:33,3
DA:34,2
DA:35,1
DA:37,1
DA:40,1
DA:44,1
LF:26
LH:26
BRDA:5,0,0,1
BRDA:5,0,1,2
BRDA:14,1,0,1
BRDA:14,1,1,2
BRDA:20,2,0,1
BRDA:20,2,1,2
BRDA:27,3,0,1
BRDA:27,3,1,2
BRDA:34,4,0,1
BRDA:34,4,1,1
BRF:10
BRH:10
end_of_record
TN:
SF:src\controllers\survey.controller.js
FN:3,(anonymous_0)
FN:28,(anonymous_1)
FN:42,(anonymous_2)
FN:57,(anonymous_3)
FN:72,(anonymous_4)
FN:87,(anonymous_5)
FN:97,(anonymous_6)
FN:114,(anonymous_7)
FN:127,(anonymous_8)
FN:145,(anonymous_9)
FNF:10
FNH:10
FNDA:3,(anonymous_0)
FNDA:3,(anonymous_1)
FNDA:3,(anonymous_2)
FNDA:3,(anonymous_3)
FNDA:3,(anonymous_4)
FNDA:2,(anonymous_5)
FNDA:3,(anonymous_6)
FNDA:3,(anonymous_7)
FNDA:3,(anonymous_8)
FNDA:3,(anonymous_9)
DA:1,1
DA:3,1
DA:4,3
DA:5,3
DA:6,1
DA:9,2
DA:19,2
DA:20,2
DA:22,1
DA:24,1
DA:28,1
DA:29,3
DA:30,3
DA:31,3
DA:32,2
DA:33,1
DA:35,1
DA:38,1
DA:42,1
DA:43,3
DA:44,3
DA:47,2
DA:48,1
DA:50,1
DA:53,1
DA:57,1
DA:58,3
DA:59,3
DA:62,2
DA:63,1
DA:65,1
DA:68,1
DA:72,1
DA:73,3
DA:74,3
DA:77,2
DA:78,1
DA:80,1
DA:83,1
DA:87,1
DA:88,2
DA:90,2
DA:91,1
DA:93,1
DA:97,1
DA:98,3
DA:99,3
DA:104,2
DA:105,1
DA:107,1
DA:110,1
DA:114,1
DA:115,3
DA:116,3
DA:117,2
DA:118,1
DA:120,1
DA:123,1
DA:127,1
DA:128,3
DA:129,3
DA:131,3
DA:132,1
DA:136,2
DA:137,1
DA:139,1
DA:145,1
DA:146,3
DA:147,3
DA:148,3
DA:149,2
DA:150,1
DA:152,1
DA:155,1
DA:160,1
LF:75
LH:75
BRDA:5,0,0,1
BRDA:5,0,1,2
BRDA:15,1,0,0
BRDA:15,1,1,2
BRDA:32,2,0,1
BRDA:32,2,1,1
BRDA:47,3,0,1
BRDA:47,3,1,1
BRDA:62,4,0,1
BRDA:62,4,1,1
BRDA:77,5,0,1
BRDA:77,5,1,1
BRDA:104,6,0,1
BRDA:104,6,1,1
BRDA:117,7,0,1
BRDA:117,7,1,1
BRDA:131,8,0,1
BRDA:131,8,1,2
BRDA:131,9,0,3
BRDA:131,9,1,2
BRDA:141,10,0,1
BRDA:141,10,1,0
BRDA:149,11,0,1
BRDA:149,11,1,1
BRF:24
BRH:22
end_of_record
TN:
SF:src\controllers\surveyQuestion.controller.js
FN:3,(anonymous_0)
FNF:1
FNH:1
FNDA:3,(anonymous_0)
DA:1,1
DA:3,1
DA:4,3
DA:5,3
DA:6,3
DA:8,2
DA:10,1
DA:14,1
LF:8
LH:8
BRF:0
BRH:0
end_of_record
TN:
SF:src\controllers\surveyResponse.controller.js
FN:3,(anonymous_0)
FN:17,(anonymous_1)
FN:32,(anonymous_2)
FN:43,(anonymous_3)
FN:54,(anonymous_4)
FNF:5
FNH:5
FNDA:3,(anonymous_0)
FNDA:3,(anonymous_1)
FNDA:3,(anonymous_2)
FNDA:3,(anonymous_3)
FNDA:3,(anonymous_4)
DA:1,1
DA:3,1
DA:4,3
DA:5,3
DA:6,3
DA:7,2
DA:8,1
DA:10,1
DA:13,1
DA:17,1
DA:18,3
DA:19,3
DA:22,2
DA:23,1
DA:25,1
DA:28,1
DA:32,1
DA:33,3
DA:34,3
DA:37,2
DA:39,1
DA:43,1
DA:44,3
DA:45,3
DA:46,3
DA:48,2
DA:50,1
DA:54,1
DA:55,3
DA:56,3
DA:57,2
DA:59,1
DA:63,1
LF:33
LH:33
BRDA:7,0,0,1
BRDA:7,0,1,1
BRDA:22,1,0,1
BRDA:22,1,1,1
BRF:4
BRH:4
end_of_record
TN:
SF:src\controllers\user.controller.js
FN:3,(anonymous_0)
FN:23,(anonymous_1)
FN:37,(anonymous_2)
FN:51,(anonymous_3)
FN:64,(anonymous_4)
FN:77,(anonymous_5)
FN:86,(anonymous_6)
FN:114,(anonymous_7)
FNF:8
FNH:8
FNDA:3,(anonymous_0)
FNDA:3,(anonymous_1)
FNDA:3,(anonymous_2)
FNDA:3,(anonymous_3)
FNDA:3,(anonymous_4)
FNDA:2,(anonymous_5)
FNDA:3,(anonymous_6)
FNDA:5,(anonymous_7)
DA:1,1
DA:3,1
DA:4,3
DA:5,3
DA:7,3
DA:8,1
DA:13,2
DA:15,1
DA:17,1
DA:23,1
DA:24,3
DA:25,3
DA:26,3
DA:27,2
DA:28,1
DA:30,1
DA:33,1
DA:37,1
DA:38,3
DA:39,3
DA:40,3
DA:41,2
DA:42,1
DA:44,1
DA:47,1
DA:51,1
DA:52,3
DA:53,3
DA:54,2
DA:55,1
DA:57,1
DA:60,1
DA:64,1
DA:65,3
DA:66,3
DA:67,2
DA:68,1
DA:70,1
DA:73,1
DA:77,1
DA:78,2
DA:79,2
DA:80,1
DA:82,1
DA:86,1
DA:87,3
DA:88,3
DA:89,3
DA:90,3
DA:91,3
DA:94,3
DA:95,2
DA:98,3
DA:104,3
DA:105,2
DA:107,1
DA:110,0
DA:114,1
DA:115,5
DA:116,5
DA:117,5
DA:118,1
DA:123,4
DA:124,3
DA:125,1
DA:127,2
DA:130,1
DA:136,1
LF:68
LH:67
BRDA:7,0,0,1
BRDA:7,0,1,2
BRDA:19,1,0,1
BRDA:19,1,1,0
BRDA:27,2,0,1
BRDA:27,2,1,1
BRDA:41,3,0,1
BRDA:41,3,1,1
BRDA:54,4,0,1
BRDA:54,4,1,1
BRDA:67,5,0,1
BRDA:67,5,1,1
BRDA:90,6,0,3
BRDA:90,6,1,0
BRDA:91,7,0,3
BRDA:91,7,1,0
BRDA:94,8,0,2
BRDA:94,8,1,1
BRDA:104,9,0,2
BRDA:104,9,1,1
BRDA:117,10,0,1
BRDA:117,10,1,4
BRDA:117,11,0,5
BRDA:117,11,1,4
BRDA:124,12,0,1
BRDA:124,12,1,2
BRDA:132,13,0,1
BRDA:132,13,1,0
BRF:28
BRH:24
end_of_record
TN:
SF:src\middlewares\cls.js
FN:6,(anonymous_0)
FN:9,(anonymous_1)
FNF:2
FNH:0
FNDA:0,(anonymous_0)
FNDA:0,(anonymous_1)
DA:1,12
DA:4,12
DA:6,12
DA:7,0
DA:8,0
DA:9,0
DA:10,0
DA:11,0
DA:14,0
DA:15,0
DA:20,12
LF:11
LH:4
BRDA:7,0,0,0
BRDA:7,0,1,0
BRF:2
BRH:0
end_of_record
TN:
SF:src\models\company.model.js
FNF:0
FNH:0
DA:1,12
DA:2,12
DA:4,12
DA:44,12
LF:4
LH:4
BRF:0
BRH:0
end_of_record
TN:
SF:src\models\companyUser.model.js
FNF:0
FNH:0
DA:1,12
DA:2,12
DA:4,12
DA:48,12
LF:4
LH:4
BRF:0
BRH:0
end_of_record
TN:
SF:src\models\companyrole.model.js
FNF:0
FNH:0
DA:1,12
DA:2,12
DA:4,12
DA:47,12
LF:4
LH:4
BRF:0
BRH:0
end_of_record
TN:
SF:src\models\customer.model.js
FNF:0
FNH:0
DA:1,12
DA:2,12
DA:4,12
DA:36,12
LF:4
LH:4
BRF:0
BRH:0
end_of_record
TN:
SF:src\models\index.js
FNF:0
FNH:0
DA:2,12
DA:3,12
DA:4,12
DA:5,12
DA:6,12
DA:7,12
DA:8,12
DA:9,12
DA:10,12
DA:11,12
DA:12,12
DA:13,12
DA:14,12
DA:15,12
DA:16,12
DA:17,12
DA:18,12
DA:19,12
DA:20,12
DA:21,12
DA:24,12
DA:28,12
DA:33,12
DA:39,12
DA:45,12
DA:49,12
DA:55,12
DA:59,12
DA:65,12
DA:69,12
DA:75,12
DA:79,12
DA:85,12
DA:90,12
DA:96,12
DA:100,12
DA:106,12
DA:111,12
DA:117,12
DA:123,12
DA:129,12
DA:135,12
DA:140,12
DA:146,12
DA:152,12
DA:157,12
DA:163,12
DA:170,12
DA:177,12
DA:185,12
DA:190,12
DA:196,12
DA:201,12
DA:206,12
LF:54
LH:54
BRF:0
BRH:0
end_of_record
TN:
SF:src\models\individualPermission.model.js
FNF:0
FNH:0
DA:1,12
DA:2,12
DA:4,12
DA:76,12
LF:4
LH:4
BRF:0
BRH:0
end_of_record
TN:
SF:src\models\module.model.js
FNF:0
FNH:0
DA:1,12
DA:2,12
DA:4,12
DA:41,12
LF:4
LH:4
BRF:0
BRH:0
end_of_record
TN:
SF:src\models\notification.model.js
FNF:0
FNH:0
DA:1,12
DA:2,12
DA:4,12
DA:57,12
LF:4
LH:4
BRF:0
BRH:0
end_of_record
TN:
SF:src\models\questionTemplate.model.js
FNF:0
FNH:0
DA:1,12
DA:2,12
DA:4,12
DA:53,12
LF:4
LH:4
BRF:0
BRH:0
end_of_record
TN:
SF:src\models\rolePermission.model.js
FNF:0
FNH:0
DA:1,12
DA:2,12
DA:4,12
DA:76,12
LF:4
LH:4
BRF:0
BRH:0
end_of_record
TN:
SF:src\models\servicePackage.model.js
FNF:0
FNH:0
DA:1,12
DA:2,12
DA:4,12
DA:70,12
LF:4
LH:4
BRF:0
BRH:0
end_of_record
TN:
SF:src\models\survey.model.js
FNF:0
FNH:0
DA:1,12
DA:2,12
DA:3,12
DA:4,12
DA:8,12
DA:85,12
LF:6
LH:6
BRF:0
BRH:0
end_of_record
TN:
SF:src\models\surveyDetail.model.js
FNF:0
FNH:0
DA:1,12
DA:2,12
DA:4,12
DA:55,12
LF:4
LH:4
BRF:0
BRH:0
end_of_record
TN:
SF:src\models\surveyQuestion.model.js
FNF:0
FNH:0
DA:1,12
DA:2,12
DA:4,12
DA:43,12
LF:4
LH:4
BRF:0
BRH:0
end_of_record
TN:
SF:src\models\surveyReport.model.js
FNF:0
FNH:0
DA:1,12
DA:2,12
DA:4,12
DA:88,12
LF:4
LH:4
BRF:0
BRH:0
end_of_record
TN:
SF:src\models\surveyResponse.model.js
FNF:0
FNH:0
DA:1,12
DA:2,12
DA:4,12
DA:50,12
LF:4
LH:4
BRF:0
BRH:0
end_of_record
TN:
SF:src\models\surveyType.model.js
FNF:0
FNH:0
DA:1,12
DA:2,12
DA:4,12
DA:38,12
LF:4
LH:4
BRF:0
BRH:0
end_of_record
TN:
SF:src\models\ticket.model.js
FNF:0
FNH:0
DA:1,12
DA:2,12
DA:4,12
DA:47,12
LF:4
LH:4
BRF:0
BRH:0
end_of_record
TN:
SF:src\models\user.model.js
FNF:0
FNH:0
DA:1,12
DA:2,12
DA:4,12
DA:83,12
LF:4
LH:4
BRF:0
BRH:0
end_of_record
TN:
SF:src\models\userActivityLog.model.js
FNF:0
FNH:0
DA:1,12
DA:2,12
DA:4,12
DA:54,12
LF:4
LH:4
BRF:0
BRH:0
end_of_record
TN:
SF:src\models\userPackage.model.js
FNF:0
FNH:0
DA:1,12
DA:2,12
DA:4,12
DA:47,12
LF:4
LH:4
BRF:0
BRH:0
end_of_record
TN:
SF:src\services\auth.service.js
FN:16,(anonymous_0)
FN:82,(anonymous_1)
FN:167,(anonymous_2)
FN:180,(anonymous_3)
FN:198,(anonymous_4)
FN:212,(anonymous_5)
FN:222,(anonymous_6)
FNF:7
FNH:0
FNDA:0,(anonymous_0)
FNDA:0,(anonymous_1)
FNDA:0,(anonymous_2)
FNDA:0,(anonymous_3)
FNDA:0,(anonymous_4)
FNDA:0,(anonymous_5)
FNDA:0,(anonymous_6)
DA:1,11
DA:11,11
DA:12,11
DA:13,11
DA:14,11
DA:16,11
DA:17,0
DA:18,0
DA:20,0
DA:21,0
DA:25,0
DA:26,0
DA:30,0
DA:31,0
DA:38,0
DA:46,0
DA:53,0
DA:56,0
DA:61,0
DA:67,0
DA:73,0
DA:74,0
DA:82,11
DA:83,0
DA:85,0
DA:87,0
DA:89,0
DA:91,0
DA:93,0
DA:94,0
DA:97,0
DA:99,0
DA:113,0
DA:122,0
DA:131,0
DA:132,0
DA:133,0
DA:136,0
DA:147,0
DA:148,0
DA:149,0
DA:158,0
DA:159,0
DA:167,11
DA:168,0
DA:173,0
DA:180,11
DA:181,0
DA:183,0
DA:186,0
DA:187,0
DA:190,0
DA:192,0
DA:193,0
DA:198,0
DA:199,0
DA:200,0
DA:202,0
DA:206,0
DA:207,0
DA:212,0
DA:213,0
DA:217,0
DA:222,0
DA:224,0
DA:229,0
DA:233,11
LF:67
LH:10
BRDA:20,0,0,0
BRDA:20,0,1,0
BRDA:25,1,0,0
BRDA:25,1,1,0
BRDA:30,2,0,0
BRDA:30,2,1,0
BRDA:93,3,0,0
BRDA:93,3,1,0
BRDA:132,4,0,0
BRDA:132,4,1,0
BRDA:161,5,0,0
BRDA:161,5,1,0
BRDA:186,6,0,0
BRDA:186,6,1,0
BRDA:192,7,0,0
BRDA:192,7,1,0
BRDA:199,8,0,0
BRDA:199,8,1,0
BRDA:206,9,0,0
BRDA:206,9,1,0
BRDA:213,10,0,0
BRDA:213,10,1,0
BRDA:214,11,0,0
BRDA:214,11,1,0
BRDA:229,12,0,0
BRDA:229,12,1,0
BRF:26
BRH:0
end_of_record
TN:
SF:src\services\company.service.js
FN:23,(anonymous_0)
FN:75,(anonymous_1)
FN:122,(anonymous_2)
FN:280,(anonymous_3)
FN:329,(anonymous_4)
FN:362,(anonymous_5)
FN:421,(anonymous_6)
FN:443,(anonymous_7)
FN:478,(anonymous_8)
FN:492,(anonymous_9)
FNF:10
FNH:0
FNDA:0,(anonymous_0)
FNDA:0,(anonymous_1)
FNDA:0,(anonymous_2)
FNDA:0,(anonymous_3)
FNDA:0,(anonymous_4)
FNDA:0,(anonymous_5)
FNDA:0,(anonymous_6)
FNDA:0,(anonymous_7)
FNDA:0,(anonymous_8)
FNDA:0,(anonymous_9)
DA:18,11
DA:19,11
DA:20,11
DA:21,11
DA:23,11
DA:24,0
DA:26,0
DA:27,0
DA:30,0
DA:31,0
DA:32,0
DA:34,0
DA:35,0
DA:39,0
DA:40,0
DA:41,0
DA:45,0
DA:49,0
DA:57,0
DA:59,0
DA:60,0
DA:67,0
DA:75,11
DA:76,0
DA:77,0
DA:79,0
DA:80,0
DA:86,0
DA:87,0
DA:88,0
DA:89,0
DA:95,0
DA:96,0
DA:103,0
DA:104,0
DA:106,0
DA:112,0
DA:122,11
DA:123,0
DA:124,0
DA:126,0
DA:127,0
DA:134,0
DA:136,0
DA:137,0
DA:139,0
DA:146,0
DA:152,0
DA:153,0
DA:158,0
DA:159,0
DA:164,0
DA:169,0
DA:174,0
DA:179,0
DA:184,0
DA:191,0
DA:197,0
DA:202,0
DA:207,0
DA:208,0
DA:209,0
DA:212,0
DA:218,0
DA:225,0
DA:226,0
DA:227,0
DA:231,0
DA:234,0
DA:236,0
DA:242,0
DA:243,0
DA:244,0
DA:251,0
DA:256,0
DA:260,0
DA:261,0
DA:268,0
DA:280,11
DA:286,0
DA:287,0
DA:288,0
DA:290,0
DA:303,0
DA:304,0
DA:314,0
DA:318,0
DA:320,0
DA:321,0
DA:329,11
DA:330,0
DA:331,0
DA:333,0
DA:334,0
DA:339,0
DA:340,0
DA:343,0
DA:347,0
DA:348,0
DA:351,0
DA:357,0
DA:362,11
DA:363,0
DA:364,0
DA:370,0
DA:371,0
DA:377,0
DA:378,0
DA:384,0
DA:390,0
DA:391,0
DA:397,0
DA:398,0
DA:405,0
DA:407,0
DA:413,0
DA:421,11
DA:422,0
DA:423,0
DA:424,0
DA:425,0
DA:430,0
DA:435,0
DA:443,11
DA:444,0
DA:445,0
DA:446,0
DA:447,0
DA:453,0
DA:454,0
DA:460,0
DA:463,0
DA:464,0
DA:470,0
DA:472,0
DA:473,0
DA:478,0
DA:479,0
DA:480,0
DA:482,0
DA:486,0
DA:487,0
DA:492,0
DA:493,0
DA:497,0
DA:502,0
DA:504,0
DA:510,0
DA:514,11
LF:149
LH:13
BRDA:31,0,0,0
BRDA:31,0,1,0
BRDA:34,1,0,0
BRDA:34,1,1,0
BRDA:40,2,0,0
BRDA:40,2,1,0
BRDA:69,3,0,0
BRDA:69,3,1,0
BRDA:79,4,0,0
BRDA:79,4,1,0
BRDA:86,5,0,0
BRDA:86,5,1,0
BRDA:88,6,0,0
BRDA:88,6,1,0
BRDA:95,7,0,0
BRDA:95,7,1,0
BRDA:114,8,0,0
BRDA:114,8,1,0
BRDA:126,9,0,0
BRDA:126,9,1,0
BRDA:242,10,0,0
BRDA:242,10,1,0
BRDA:270,11,0,0
BRDA:270,11,1,0
BRDA:303,12,0,0
BRDA:303,12,1,0
BRDA:323,13,0,0
BRDA:323,13,1,0
BRDA:333,14,0,0
BRDA:333,14,1,0
BRDA:339,15,0,0
BRDA:339,15,1,0
BRDA:347,16,0,0
BRDA:347,16,1,0
BRDA:370,17,0,0
BRDA:370,17,1,0
BRDA:377,18,0,0
BRDA:377,18,1,0
BRDA:390,19,0,0
BRDA:390,19,1,0
BRDA:397,20,0,0
BRDA:397,20,1,0
BRDA:424,21,0,0
BRDA:424,21,1,0
BRDA:437,22,0,0
BRDA:437,22,1,0
BRDA:446,23,0,0
BRDA:446,23,1,0
BRDA:453,24,0,0
BRDA:453,24,1,0
BRDA:453,25,0,0
BRDA:453,25,1,0
BRDA:463,26,0,0
BRDA:463,26,1,0
BRDA:472,27,0,0
BRDA:472,27,1,0
BRDA:479,28,0,0
BRDA:479,28,1,0
BRDA:486,29,0,0
BRDA:486,29,1,0
BRDA:493,30,0,0
BRDA:493,30,1,0
BRDA:494,31,0,0
BRDA:494,31,1,0
BRDA:510,32,0,0
BRDA:510,32,1,0
BRF:66
BRH:0
end_of_record
TN:
SF:src\services\companyUser.service.js
FN:17,(anonymous_0)
FN:94,(anonymous_1)
FN:110,(anonymous_2)
FN:134,(anonymous_3)
FNF:4
FNH:0
FNDA:0,(anonymous_0)
FNDA:0,(anonymous_1)
FNDA:0,(anonymous_2)
FNDA:0,(anonymous_3)
DA:1,11
DA:2,11
DA:3,11
DA:4,11
DA:6,11
DA:9,11
DA:17,11
DA:18,0
DA:19,0
DA:20,0
DA:21,0
DA:23,0
DA:24,0
DA:26,0
DA:28,0
DA:29,0
DA:32,0
DA:41,0
DA:73,0
DA:74,0
DA:75,0
DA:76,0
DA:83,0
DA:84,0
DA:94,11
DA:95,0
DA:96,0
DA:98,0
DA:99,0
DA:102,0
DA:103,0
DA:104,0
DA:106,0
DA:110,11
DA:111,0
DA:112,0
DA:120,0
DA:121,0
DA:124,0
DA:130,0
DA:134,11
DA:135,0
DA:136,0
DA:144,0
DA:150,0
DA:154,11
LF:46
LH:11
BRDA:23,0,0,0
BRDA:23,0,1,0
BRDA:23,1,0,0
BRDA:23,1,1,0
BRDA:28,2,0,0
BRDA:28,2,1,0
BRDA:87,3,0,0
BRDA:87,3,1,0
BRDA:98,4,0,0
BRDA:98,4,1,0
BRDA:120,5,0,0
BRDA:120,5,1,0
BRF:12
BRH:0
end_of_record
TN:
SF:src\services\companyrole.service.js
FN:6,(anonymous_0)
FN:40,(anonymous_1)
FN:83,(anonymous_2)
FN:125,(anonymous_3)
FN:187,(anonymous_4)
FN:213,(anonymous_5)
FN:245,(anonymous_6)
FNF:7
FNH:0
FNDA:0,(anonymous_0)
FNDA:0,(anonymous_1)
FNDA:0,(anonymous_2)
FNDA:0,(anonymous_3)
FNDA:0,(anonymous_4)
FNDA:0,(anonymous_5)
FNDA:0,(anonymous_6)
DA:1,11
DA:2,11
DA:3,11
DA:4,11
DA:6,11
DA:7,0
DA:8,0
DA:10,0
DA:11,0
DA:13,0
DA:14,0
DA:15,0
DA:18,0
DA:19,0
DA:21,0
DA:30,0
DA:32,0
DA:40,11
DA:41,0
DA:42,0
DA:43,0
DA:50,0
DA:57,0
DA:58,0
DA:65,0
DA:70,0
DA:71,0
DA:78,0
DA:79,0
DA:83,0
DA:84,0
DA:85,0
DA:94,0
DA:101,0
DA:103,0
DA:111,0
DA:112,0
DA:117,0
DA:125,11
DA:126,0
DA:128,0
DA:129,0
DA:130,0
DA:131,0
DA:132,0
DA:139,0
DA:145,0
DA:151,0
DA:153,0
DA:158,0
DA:165,0
DA:170,0
DA:171,0
DA:173,0
DA:178,0
DA:179,0
DA:187,11
DA:188,0
DA:189,0
DA:197,0
DA:205,0
DA:213,11
DA:214,0
DA:215,0
DA:224,0
DA:225,0
DA:231,0
DA:237,0
DA:245,11
DA:246,0
DA:247,0
DA:255,0
DA:256,0
DA:259,0
DA:265,0
DA:269,11
LF:76
LH:11
BRDA:34,0,0,0
BRDA:34,0,1,0
BRDA:42,1,0,0
BRDA:42,1,1,0
BRDA:57,2,0,0
BRDA:57,2,1,0
BRDA:78,3,0,0
BRDA:78,3,1,0
BRDA:84,4,0,0
BRDA:84,4,1,0
BRDA:111,5,0,0
BRDA:111,5,1,0
BRDA:119,6,0,0
BRDA:119,6,1,0
BRDA:130,7,0,0
BRDA:130,7,1,0
BRDA:181,8,0,0
BRDA:181,8,1,0
BRDA:207,9,0,0
BRDA:207,9,1,0
BRDA:224,10,0,0
BRDA:224,10,1,0
BRDA:239,11,0,0
BRDA:239,11,1,0
BRDA:255,12,0,0
BRDA:255,12,1,0
BRF:26
BRH:0
end_of_record
TN:
SF:src\services\customer.service.js
FN:5,(anonymous_0)
FN:14,(anonymous_1)
FN:36,(anonymous_2)
FN:69,(anonymous_3)
FN:106,(anonymous_4)
FN:119,(anonymous_5)
FNF:6
FNH:0
FNDA:0,(anonymous_0)
FNDA:0,(anonymous_1)
FNDA:0,(anonymous_2)
FNDA:0,(anonymous_3)
FNDA:0,(anonymous_4)
FNDA:0,(anonymous_5)
DA:1,11
DA:2,11
DA:3,11
DA:5,11
DA:6,0
DA:7,0
DA:8,0
DA:10,0
DA:14,11
DA:15,0
DA:16,0
DA:17,0
DA:18,0
DA:24,0
DA:27,0
DA:28,0
DA:30,0
DA:32,0
DA:36,11
DA:37,0
DA:38,0
DA:39,0
DA:40,0
DA:43,0
DA:44,0
DA:48,0
DA:49,0
DA:54,0
DA:59,0
DA:60,0
DA:62,0
DA:64,0
DA:65,0
DA:69,11
DA:70,0
DA:71,0
DA:72,0
DA:74,0
DA:93,0
DA:94,0
DA:101,0
DA:102,0
DA:106,11
DA:107,0
DA:108,0
DA:109,0
DA:110,0
DA:113,0
DA:115,0
DA:119,11
DA:120,0
DA:121,0
DA:122,0
DA:130,0
DA:131,0
DA:134,0
DA:140,0
DA:144,11
LF:58
LH:10
BRDA:17,0,0,0
BRDA:17,0,1,0
BRDA:27,1,0,0
BRDA:27,1,1,0
BRDA:39,2,0,0
BRDA:39,2,1,0
BRDA:109,3,0,0
BRDA:109,3,1,0
BRDA:130,4,0,0
BRDA:130,4,1,0
BRF:10
BRH:0
end_of_record
TN:
SF:src\services\index.js
FNF:0
FNH:0
DA:1,12
DA:2,12
DA:3,12
DA:4,12
DA:5,12
DA:6,12
DA:7,12
DA:8,12
DA:9,12
DA:10,12
DA:11,12
DA:12,12
DA:13,12
DA:14,12
DA:15,12
DA:16,12
DA:18,12
LF:17
LH:17
BRF:0
BRH:0
end_of_record
TN:
SF:src\services\individualPermission.service.js
FN:3,(anonymous_0)
FN:35,(anonymous_1)
FN:80,(anonymous_2)
FN:112,(anonymous_3)
FN:134,(anonymous_4)
FN:150,(anonymous_5)
FNF:6
FNH:0
FNDA:0,(anonymous_0)
FNDA:0,(anonymous_1)
FNDA:0,(anonymous_2)
FNDA:0,(anonymous_3)
FNDA:0,(anonymous_4)
FNDA:0,(anonymous_5)
DA:1,11
DA:3,11
DA:4,0
DA:6,0
DA:8,0
DA:15,0
DA:16,0
DA:24,0
DA:25,0
DA:31,0
DA:35,11
DA:40,0
DA:42,0
DA:43,0
DA:44,0
DA:45,0
DA:52,0
DA:53,0
DA:60,0
DA:67,0
DA:68,0
DA:71,0
DA:76,0
DA:80,11
DA:81,0
DA:82,0
DA:89,0
DA:90,0
DA:97,0
DA:103,0
DA:108,0
DA:112,11
DA:113,0
DA:114,0
DA:121,0
DA:122,0
DA:124,0
DA:130,0
DA:134,11
DA:135,0
DA:136,0
DA:137,0
DA:138,0
DA:140,0
DA:146,0
DA:150,11
DA:151,0
DA:152,0
DA:153,0
DA:155,0
DA:159,0
DA:160,0
DA:166,0
DA:172,0
DA:176,11
LF:55
LH:8
BRDA:15,0,0,0
BRDA:15,0,1,0
BRDA:52,1,0,0
BRDA:52,1,1,0
BRDA:67,2,0,0
BRDA:67,2,1,0
BRDA:89,3,0,0
BRDA:89,3,1,0
BRDA:121,4,0,0
BRDA:121,4,1,0
BRDA:137,5,0,0
BRDA:137,5,1,0
BRDA:153,6,0,0
BRDA:153,6,1,0
BRDA:159,7,0,0
BRDA:159,7,1,0
BRF:16
BRH:0
end_of_record
TN:
SF:src\services\module.service.js
FN:6,(anonymous_0)
FN:16,(anonymous_1)
FN:39,(anonymous_2)
FN:84,(anonymous_3)
FN:93,(anonymous_4)
FN:105,(anonymous_5)
FNF:6
FNH:0
FNDA:0,(anonymous_0)
FNDA:0,(anonymous_1)
FNDA:0,(anonymous_2)
FNDA:0,(anonymous_3)
FNDA:0,(anonymous_4)
FNDA:0,(anonymous_5)
DA:1,11
DA:2,11
DA:3,11
DA:4,11
DA:6,11
DA:7,0
DA:8,0
DA:9,0
DA:10,0
DA:12,0
DA:16,11
DA:17,0
DA:18,0
DA:19,0
DA:20,0
DA:26,0
DA:29,0
DA:30,0
DA:32,0
DA:33,0
DA:35,0
DA:39,11
DA:40,0
DA:41,0
DA:43,0
DA:45,0
DA:46,0
DA:47,0
DA:51,0
DA:55,0
DA:57,0
DA:61,0
DA:65,0
DA:67,0
DA:71,0
DA:74,0
DA:76,0
DA:77,0
DA:79,0
DA:80,0
DA:84,11
DA:85,0
DA:86,0
DA:87,0
DA:89,0
DA:93,11
DA:94,0
DA:95,0
DA:96,0
DA:97,0
DA:99,0
DA:101,0
DA:105,11
DA:106,0
DA:107,0
DA:108,0
DA:116,0
DA:117,0
DA:120,0
DA:122,0
DA:126,11
LF:61
LH:11
BRDA:19,0,0,0
BRDA:19,0,1,0
BRDA:29,1,0,0
BRDA:29,1,1,0
BRDA:45,2,0,0
BRDA:45,2,1,0
BRDA:96,3,0,0
BRDA:96,3,1,0
BRDA:116,4,0,0
BRDA:116,4,1,0
BRF:10
BRH:0
end_of_record
TN:
SF:src\services\questionTemplate.service.js
FN:5,(anonymous_0)
FN:15,(anonymous_1)
FN:38,(anonymous_2)
FN:52,(anonymous_3)
FN:67,(anonymous_4)
FN:86,(anonymous_5)
FNF:6
FNH:0
FNDA:0,(anonymous_0)
FNDA:0,(anonymous_1)
FNDA:0,(anonymous_2)
FNDA:0,(anonymous_3)
FNDA:0,(anonymous_4)
FNDA:0,(anonymous_5)
DA:1,11
DA:2,11
DA:3,11
DA:5,11
DA:6,0
DA:7,0
DA:8,0
DA:9,0
DA:11,0
DA:15,11
DA:16,0
DA:18,0
DA:19,0
DA:21,0
DA:32,0
DA:34,0
DA:38,11
DA:39,0
DA:40,0
DA:41,0
DA:42,0
DA:44,0
DA:45,0
DA:46,0
DA:48,0
DA:52,11
DA:53,0
DA:54,0
DA:57,0
DA:58,0
DA:60,0
DA:61,0
DA:63,0
DA:67,11
DA:68,0
DA:69,0
DA:77,0
DA:78,0
DA:80,0
DA:82,0
DA:86,11
DA:87,0
DA:88,0
DA:110,0
DA:112,0
DA:116,11
LF:46
LH:10
BRDA:18,0,0,0
BRDA:18,0,1,0
BRDA:19,1,0,0
BRDA:19,1,1,0
BRDA:41,2,0,0
BRDA:41,2,1,0
BRDA:57,3,0,0
BRDA:57,3,1,0
BRDA:77,4,0,0
BRDA:77,4,1,0
BRF:10
BRH:0
end_of_record
TN:
SF:src\services\report.service.js
FN:19,(anonymous_0)
FN:92,(anonymous_1)
FN:158,(anonymous_2)
FN:187,(anonymous_3)
FN:226,(anonymous_4)
FN:269,(anonymous_5)
FN:312,(anonymous_6)
FN:354,(anonymous_7)
FN:376,(anonymous_8)
FN:402,(anonymous_9)
FN:418,(anonymous_10)
FN:419,(anonymous_11)
FN:422,(anonymous_12)
FN:423,(anonymous_13)
FN:427,(anonymous_14)
FN:428,(anonymous_15)
FN:429,(anonymous_16)
FN:431,(anonymous_17)
FN:448,(anonymous_18)
FN:449,(anonymous_19)
FN:452,(anonymous_20)
FN:453,(anonymous_21)
FN:457,(anonymous_22)
FN:458,(anonymous_23)
FN:459,(anonymous_24)
FN:461,(anonymous_25)
FN:478,(anonymous_26)
FN:479,(anonymous_27)
FN:482,(anonymous_28)
FN:483,(anonymous_29)
FN:487,(anonymous_30)
FN:490,(anonymous_31)
FN:502,(anonymous_32)
FN:511,(anonymous_33)
FN:554,(anonymous_34)
FN:556,(anonymous_35)
FN:559,(anonymous_36)
FN:591,(anonymous_37)
FN:593,(anonymous_38)
FNF:39
FNH:0
FNDA:0,(anonymous_0)
FNDA:0,(anonymous_1)
FNDA:0,(anonymous_2)
FNDA:0,(anonymous_3)
FNDA:0,(anonymous_4)
FNDA:0,(anonymous_5)
FNDA:0,(anonymous_6)
FNDA:0,(anonymous_7)
FNDA:0,(anonymous_8)
FNDA:0,(anonymous_9)
FNDA:0,(anonymous_10)
FNDA:0,(anonymous_11)
FNDA:0,(anonymous_12)
FNDA:0,(anonymous_13)
FNDA:0,(anonymous_14)
FNDA:0,(anonymous_15)
FNDA:0,(anonymous_16)
FNDA:0,(anonymous_17)
FNDA:0,(anonymous_18)
FNDA:0,(anonymous_19)
FNDA:0,(anonymous_20)
FNDA:0,(anonymous_21)
FNDA:0,(anonymous_22)
FNDA:0,(anonymous_23)
FNDA:0,(anonymous_24)
FNDA:0,(anonymous_25)
FNDA:0,(anonymous_26)
FNDA:0,(anonymous_27)
FNDA:0,(anonymous_28)
FNDA:0,(anonymous_29)
FNDA:0,(anonymous_30)
FNDA:0,(anonymous_31)
FNDA:0,(anonymous_32)
FNDA:0,(anonymous_33)
FNDA:0,(anonymous_34)
FNDA:0,(anonymous_35)
FNDA:0,(anonymous_36)
FNDA:0,(anonymous_37)
FNDA:0,(anonymous_38)
DA:12,12
DA:13,12
DA:14,12
DA:17,12
DA:19,12
DA:20,0
DA:21,0
DA:23,0
DA:24,0
DA:25,0
DA:27,0
DA:37,0
DA:47,0
DA:52,0
DA:57,0
DA:76,0
DA:77,0
DA:88,0
DA:92,12
DA:93,0
DA:94,0
DA:95,0
DA:96,0
DA:97,0
DA:98,0
DA:101,0
DA:108,0
DA:110,0
DA:128,0
DA:136,0
DA:146,0
DA:154,0
DA:158,12
DA:159,0
DA:160,0
DA:161,0
DA:162,0
DA:163,0
DA:164,0
DA:167,0
DA:169,0
DA:175,0
DA:182,0
DA:183,0
DA:187,12
DA:188,0
DA:220,0
DA:226,12
DA:231,0
DA:264,0
DA:269,12
DA:270,0
DA:271,0
DA:272,0
DA:273,0
DA:274,0
DA:275,0
DA:278,0
DA:286,0
DA:287,0
DA:290,0
DA:300,0
DA:306,0
DA:307,0
DA:312,12
DA:313,0
DA:314,0
DA:343,0
DA:344,0
DA:348,0
DA:354,0
DA:356,0
DA:358,0
DA:359,0
DA:361,0
DA:362,0
DA:364,0
DA:365,0
DA:367,0
DA:368,0
DA:370,0
DA:371,0
DA:373,0
DA:374,0
DA:376,0
DA:377,0
DA:381,0
DA:383,0
DA:387,0
DA:397,0
DA:398,0
DA:402,0
DA:408,0
DA:413,0
DA:418,12
DA:419,0
DA:422,0
DA:423,0
DA:427,0
DA:428,0
DA:429,0
DA:431,0
DA:433,0
DA:434,0
DA:435,0
DA:436,0
DA:448,12
DA:449,0
DA:452,0
DA:453,0
DA:457,0
DA:458,0
DA:459,0
DA:461,0
DA:462,0
DA:463,0
DA:464,0
DA:466,0
DA:478,12
DA:479,0
DA:482,0
DA:483,0
DA:487,0
DA:488,0
DA:489,0
DA:490,0
DA:492,0
DA:502,12
DA:503,0
DA:511,0
DA:512,0
DA:513,0
DA:514,0
DA:515,0
DA:516,0
DA:517,0
DA:521,0
DA:527,0
DA:529,0
DA:532,0
DA:533,0
DA:534,0
DA:535,0
DA:536,0
DA:537,0
DA:538,0
DA:539,0
DA:541,0
DA:544,0
DA:554,12
DA:555,0
DA:556,0
DA:558,0
DA:559,0
DA:562,0
DA:564,0
DA:565,0
DA:568,0
DA:569,0
DA:570,0
DA:571,0
DA:572,0
DA:573,0
DA:574,0
DA:575,0
DA:577,0
DA:581,0
DA:591,12
DA:592,0
DA:593,0
DA:598,12
LF:171
LH:18
BRDA:21,0,0,0
BRDA:21,0,1,0
BRDA:97,1,0,0
BRDA:97,1,1,0
BRDA:97,2,0,0
BRDA:97,2,1,0
BRDA:108,3,0,0
BRDA:108,3,1,0
BRDA:163,4,0,0
BRDA:163,4,1,0
BRDA:163,5,0,0
BRDA:163,5,1,0
BRDA:167,6,0,0
BRDA:167,6,1,0
BRDA:274,7,0,0
BRDA:274,7,1,0
BRDA:274,8,0,0
BRDA:274,8,1,0
BRDA:286,9,0,0
BRDA:286,9,1,0
BRDA:343,10,0,0
BRDA:343,10,1,0
BRDA:356,11,0,0
BRDA:356,11,1,0
BRDA:356,11,2,0
BRDA:356,11,3,0
BRDA:356,11,4,0
BRDA:356,11,5,0
BRDA:356,11,6,0
BRDA:383,12,0,0
BRDA:383,12,1,0
BRDA:398,13,0,0
BRDA:398,13,1,0
BRDA:399,14,0,0
BRDA:399,14,1,0
BRDA:428,15,0,0
BRDA:428,15,1,0
BRDA:513,16,0,0
BRDA:513,16,1,0
BRDA:514,17,0,0
BRDA:514,17,1,0
BRDA:515,18,0,0
BRDA:515,18,1,0
BRDA:516,19,0,0
BRDA:516,19,1,0
BRDA:517,20,0,0
BRDA:517,20,1,0
BRDA:532,21,0,0
BRDA:532,21,1,0
BRDA:534,22,0,0
BRDA:534,22,1,0
BRDA:536,23,0,0
BRDA:536,23,1,0
BRDA:538,24,0,0
BRDA:538,24,1,0
BRDA:568,25,0,0
BRDA:568,25,1,0
BRDA:570,26,0,0
BRDA:570,26,1,0
BRDA:572,27,0,0
BRDA:572,27,1,0
BRDA:574,28,0,0
BRDA:574,28,1,0
BRF:63
BRH:0
end_of_record
TN:
SF:src\services\servicePackage.service.js
FN:5,(anonymous_0)
FN:14,(anonymous_1)
FNF:2
FNH:0
FNDA:0,(anonymous_0)
FNDA:0,(anonymous_1)
DA:1,12
DA:2,12
DA:3,12
DA:5,12
DA:6,0
DA:7,0
DA:8,0
DA:10,0
DA:14,12
DA:15,0
DA:16,0
DA:18,0
DA:22,12
LF:13
LH:6
BRF:0
BRH:0
end_of_record
TN:
SF:src\services\survey.service.js
FN:31,(anonymous_0)
FN:85,(anonymous_1)
FN:143,(anonymous_2)
FN:176,(anonymous_3)
FN:210,(anonymous_4)
FN:224,(anonymous_5)
FN:250,(anonymous_6)
FN:298,(anonymous_7)
FN:363,(anonymous_8)
FN:377,(anonymous_9)
FN:381,(anonymous_10)
FN:435,(anonymous_11)
FN:436,(anonymous_12)
FN:460,(anonymous_13)
FN:463,(anonymous_14)
FN:471,(anonymous_15)
FN:473,(anonymous_16)
FN:478,(anonymous_17)
FN:492,(anonymous_18)
FN:504,(anonymous_19)
FN:518,(anonymous_20)
FN:520,(anonymous_21)
FN:523,(anonymous_22)
FN:548,(anonymous_23)
FN:601,(anonymous_24)
FN:628,(anonymous_25)
FN:637,(anonymous_26)
FN:668,(anonymous_27)
FNF:28
FNH:0
FNDA:0,(anonymous_0)
FNDA:0,(anonymous_1)
FNDA:0,(anonymous_2)
FNDA:0,(anonymous_3)
FNDA:0,(anonymous_4)
FNDA:0,(anonymous_5)
FNDA:0,(anonymous_6)
FNDA:0,(anonymous_7)
FNDA:0,(anonymous_8)
FNDA:0,(anonymous_9)
FNDA:0,(anonymous_10)
FNDA:0,(anonymous_11)
FNDA:0,(anonymous_12)
FNDA:0,(anonymous_13)
FNDA:0,(anonymous_14)
FNDA:0,(anonymous_15)
FNDA:0,(anonymous_16)
FNDA:0,(anonymous_17)
FNDA:0,(anonymous_18)
FNDA:0,(anonymous_19)
FNDA:0,(anonymous_20)
FNDA:0,(anonymous_21)
FNDA:0,(anonymous_22)
FNDA:0,(anonymous_23)
FNDA:0,(anonymous_24)
FNDA:0,(anonymous_25)
FNDA:0,(anonymous_26)
FNDA:0,(anonymous_27)
DA:1,11
DA:13,11
DA:17,11
DA:18,11
DA:19,11
DA:20,11
DA:22,11
DA:23,11
DA:31,11
DA:32,0
DA:33,0
DA:36,0
DA:37,0
DA:39,0
DA:56,0
DA:57,0
DA:66,0
DA:67,0
DA:68,0
DA:70,0
DA:77,0
DA:78,0
DA:80,0
DA:81,0
DA:85,11
DA:86,0
DA:87,0
DA:88,0
DA:89,0
DA:99,0
DA:100,0
DA:103,0
DA:107,0
DA:108,0
DA:109,0
DA:123,0
DA:126,0
DA:127,0
DA:136,0
DA:138,0
DA:139,0
DA:143,11
DA:144,0
DA:145,0
DA:166,0
DA:167,0
DA:170,0
DA:172,0
DA:176,11
DA:177,0
DA:178,0
DA:200,0
DA:201,0
DA:204,0
DA:206,0
DA:210,11
DA:211,0
DA:212,0
DA:214,0
DA:215,0
DA:218,0
DA:220,0
DA:224,11
DA:225,0
DA:227,0
DA:228,0
DA:229,0
DA:232,0
DA:244,0
DA:246,0
DA:250,11
DA:251,0
DA:253,0
DA:255,0
DA:256,0
DA:257,0
DA:258,0
DA:262,0
DA:268,0
DA:269,0
DA:271,0
DA:278,0
DA:279,0
DA:280,0
DA:290,0
DA:291,0
DA:293,0
DA:294,0
DA:298,11
DA:299,0
DA:301,0
DA:302,0
DA:303,0
DA:304,0
DA:308,0
DA:313,0
DA:314,0
DA:319,0
DA:326,0
DA:331,0
DA:337,0
DA:343,0
DA:348,0
DA:355,0
DA:356,0
DA:358,0
DA:359,0
DA:363,11
DA:364,0
DA:365,0
DA:366,0
DA:367,0
DA:368,0
DA:375,0
DA:377,0
DA:380,0
DA:381,0
DA:384,0
DA:385,0
DA:392,0
DA:410,0
DA:413,0
DA:415,0
DA:416,0
DA:422,0
DA:427,0
DA:435,11
DA:436,0
DA:437,0
DA:438,0
DA:441,0
DA:443,0
DA:444,0
DA:447,0
DA:448,0
DA:449,0
DA:450,0
DA:451,0
DA:452,0
DA:453,0
DA:454,0
DA:456,0
DA:460,11
DA:461,0
DA:462,0
DA:463,0
DA:464,0
DA:465,0
DA:466,0
DA:468,0
DA:471,11
DA:472,0
DA:473,0
DA:475,0
DA:478,11
DA:479,0
DA:480,0
DA:481,0
DA:482,0
DA:483,0
DA:484,0
DA:485,0
DA:486,0
DA:488,0
DA:492,11
DA:493,0
DA:494,0
DA:495,0
DA:496,0
DA:497,0
DA:498,0
DA:500,0
DA:504,11
DA:505,0
DA:506,0
DA:507,0
DA:508,0
DA:509,0
DA:510,0
DA:511,0
DA:512,0
DA:514,0
DA:518,11
DA:519,0
DA:520,0
DA:522,0
DA:523,0
DA:525,0
DA:528,0
DA:529,0
DA:532,0
DA:535,0
DA:536,0
DA:537,0
DA:538,0
DA:539,0
DA:540,0
DA:541,0
DA:542,0
DA:544,0
DA:548,11
DA:550,0
DA:551,0
DA:554,0
DA:556,0
DA:559,0
DA:561,0
DA:565,0
DA:566,0
DA:567,0
DA:568,0
DA:569,0
DA:573,0
DA:574,0
DA:578,0
DA:579,0
DA:580,0
DA:581,0
DA:582,0
DA:586,0
DA:587,0
DA:588,0
DA:589,0
DA:590,0
DA:594,0
DA:595,0
DA:598,0
DA:601,11
DA:602,0
DA:603,0
DA:624,0
DA:625,0
DA:628,0
DA:629,0
DA:630,0
DA:631,0
DA:633,0
DA:635,0
DA:637,0
DA:640,0
DA:641,0
DA:643,0
DA:644,0
DA:646,0
DA:647,0
DA:649,0
DA:650,0
DA:651,0
DA:654,0
DA:655,0
DA:656,0
DA:658,0
DA:659,0
DA:662,0
DA:668,0
DA:681,0
DA:683,0
DA:687,11
LF:258
LH:27
BRDA:32,0,0,0
BRDA:32,0,1,0
BRDA:99,1,0,0
BRDA:99,1,1,0
BRDA:166,2,0,0
BRDA:166,2,1,0
BRDA:200,3,0,0
BRDA:200,3,1,0
BRDA:214,4,0,0
BRDA:214,4,1,0
BRDA:228,5,0,0
BRDA:228,5,1,0
BRDA:256,6,0,0
BRDA:256,6,1,0
BRDA:268,7,0,0
BRDA:268,7,1,0
BRDA:269,8,0,0
BRDA:269,8,1,0
BRDA:303,9,0,0
BRDA:303,9,1,0
BRDA:367,10,0,0
BRDA:367,10,1,0
BRDA:367,11,0,0
BRDA:367,11,1,0
BRDA:375,12,0,0
BRDA:375,12,1,0
BRDA:380,13,0,0
BRDA:380,13,1,0
BRDA:380,14,0,0
BRDA:380,14,1,0
BRDA:384,15,0,0
BRDA:384,15,1,0
BRDA:415,16,0,0
BRDA:415,16,1,0
BRDA:415,17,0,0
BRDA:415,17,1,0
BRDA:429,18,0,0
BRDA:429,18,1,0
BRDA:437,19,0,0
BRDA:437,19,1,0
BRDA:443,20,0,0
BRDA:443,20,1,0
BRDA:443,21,0,0
BRDA:443,21,1,0
BRDA:447,22,0,0
BRDA:447,22,1,0
BRDA:449,23,0,0
BRDA:449,23,1,0
BRDA:451,24,0,0
BRDA:451,24,1,0
BRDA:453,25,0,0
BRDA:453,25,1,0
BRDA:465,26,0,0
BRDA:465,26,1,0
BRDA:466,27,0,0
BRDA:466,27,1,0
BRDA:479,28,0,0
BRDA:479,28,1,0
BRDA:481,29,0,0
BRDA:481,29,1,0
BRDA:483,30,0,0
BRDA:483,30,1,0
BRDA:485,31,0,0
BRDA:485,31,1,0
BRDA:493,32,0,0
BRDA:493,32,1,0
BRDA:495,33,0,0
BRDA:495,33,1,0
BRDA:497,34,0,0
BRDA:497,34,1,0
BRDA:505,35,0,0
BRDA:505,35,1,0
BRDA:507,36,0,0
BRDA:507,36,1,0
BRDA:509,37,0,0
BRDA:509,37,1,0
BRDA:511,38,0,0
BRDA:511,38,1,0
BRDA:528,39,0,0
BRDA:528,39,1,0
BRDA:535,40,0,0
BRDA:535,40,1,0
BRDA:537,41,0,0
BRDA:537,41,1,0
BRDA:539,42,0,0
BRDA:539,42,1,0
BRDA:541,43,0,0
BRDA:541,43,1,0
BRDA:550,44,0,0
BRDA:550,44,1,0
BRDA:551,45,0,0
BRDA:551,45,1,0
BRDA:551,45,2,0
BRDA:551,45,3,0
BRDA:551,45,4,0
BRDA:551,45,5,0
BRDA:565,46,0,0
BRDA:565,46,1,0
BRDA:567,47,0,0
BRDA:567,47,1,0
BRDA:568,48,0,0
BRDA:568,48,1,0
BRDA:569,49,0,0
BRDA:569,49,1,0
BRDA:573,50,0,0
BRDA:573,50,1,0
BRDA:574,51,0,0
BRDA:574,51,1,0
BRDA:578,52,0,0
BRDA:578,52,1,0
BRDA:580,53,0,0
BRDA:580,53,1,0
BRDA:580,54,0,0
BRDA:580,54,1,0
BRDA:581,55,0,0
BRDA:581,55,1,0
BRDA:581,56,0,0
BRDA:581,56,1,0
BRDA:582,57,0,0
BRDA:582,57,1,0
BRDA:582,58,0,0
BRDA:582,58,1,0
BRDA:586,59,0,0
BRDA:586,59,1,0
BRDA:588,60,0,0
BRDA:588,60,1,0
BRDA:588,61,0,0
BRDA:588,61,1,0
BRDA:589,62,0,0
BRDA:589,62,1,0
BRDA:590,63,0,0
BRDA:590,63,1,0
BRDA:594,64,0,0
BRDA:594,64,1,0
BRDA:624,65,0,0
BRDA:624,65,1,0
BRDA:624,66,0,0
BRDA:624,66,1,0
BRDA:633,67,0,0
BRDA:633,67,1,0
BRDA:633,67,2,0
BRDA:633,67,3,0
BRDA:633,67,4,0
BRDA:633,67,5,0
BRF:144
BRH:0
end_of_record
TN:
SF:src\services\surveyQuestion.service.js
FN:3,(anonymous_0)
FN:18,(anonymous_1)
FN:46,(anonymous_2)
FNF:3
FNH:0
FNDA:0,(anonymous_0)
FNDA:0,(anonymous_1)
FNDA:0,(anonymous_2)
DA:1,11
DA:3,11
DA:4,0
DA:5,0
DA:8,0
DA:14,0
DA:18,11
DA:19,0
DA:20,0
DA:25,0
DA:26,0
DA:33,0
DA:36,0
DA:42,0
DA:46,11
DA:47,0
DA:48,0
DA:52,0
DA:53,0
DA:58,0
DA:63,0
DA:68,0
DA:69,0
DA:75,0
DA:77,0
DA:81,11
LF:26
LH:5
BRDA:25,0,0,0
BRDA:25,0,1,0
BRDA:68,1,0,0
BRDA:68,1,1,0
BRF:4
BRH:0
end_of_record
TN:
SF:src\services\surveyResponse.service.js
FN:13,(anonymous_0)
FN:79,(anonymous_1)
FN:124,(anonymous_2)
FN:132,(anonymous_3)
FN:140,(anonymous_4)
FN:152,(anonymous_5)
FN:190,(anonymous_6)
FN:218,(anonymous_7)
FN:240,(anonymous_8)
FNF:9
FNH:0
FNDA:0,(anonymous_0)
FNDA:0,(anonymous_1)
FNDA:0,(anonymous_2)
FNDA:0,(anonymous_3)
FNDA:0,(anonymous_4)
FNDA:0,(anonymous_5)
FNDA:0,(anonymous_6)
FNDA:0,(anonymous_7)
FNDA:0,(anonymous_8)
DA:1,11
DA:11,11
DA:13,11
DA:14,0
DA:15,0
DA:19,0
DA:24,0
DA:26,0
DA:30,0
DA:31,0
DA:34,0
DA:38,0
DA:39,0
DA:41,0
DA:45,0
DA:49,0
DA:50,0
DA:52,0
DA:56,0
DA:58,0
DA:61,0
DA:66,0
DA:67,0
DA:69,0
DA:73,0
DA:75,0
DA:79,11
DA:80,0
DA:84,0
DA:86,0
DA:89,0
DA:91,0
DA:92,0
DA:94,0
DA:96,0
DA:100,0
DA:102,0
DA:103,0
DA:105,0
DA:106,0
DA:108,0
DA:109,0
DA:111,0
DA:112,0
DA:114,0
DA:115,0
DA:117,0
DA:118,0
DA:121,0
DA:124,11
DA:125,0
DA:129,0
DA:132,11
DA:133,0
DA:140,11
DA:141,0
DA:142,0
DA:143,0
DA:144,0
DA:146,0
DA:148,0
DA:152,11
DA:153,0
DA:154,0
DA:155,0
DA:157,0
DA:160,0
DA:161,0
DA:163,0
DA:169,0
DA:175,0
DA:176,0
DA:182,0
DA:183,0
DA:186,0
DA:190,11
DA:191,0
DA:192,0
DA:208,0
DA:209,0
DA:212,0
DA:214,0
DA:218,11
DA:219,0
DA:220,0
DA:226,0
DA:232,0
DA:240,11
DA:241,0
DA:243,0
DA:245,0
DA:246,0
DA:250,0
DA:252,0
DA:260,0
DA:265,0
DA:266,0
DA:267,0
DA:270,0
DA:271,0
DA:280,0
DA:281,0
DA:282,0
DA:283,0
DA:287,0
DA:288,0
DA:292,0
DA:299,0
DA:305,0
DA:309,11
LF:110
LH:12
BRDA:19,0,0,0
BRDA:19,0,1,0
BRDA:19,1,0,0
BRDA:19,1,1,0
BRDA:24,2,0,0
BRDA:24,2,1,0
BRDA:30,3,0,0
BRDA:30,3,1,0
BRDA:38,4,0,0
BRDA:38,4,1,0
BRDA:49,5,0,0
BRDA:49,5,1,0
BRDA:67,6,0,0
BRDA:67,6,1,0
BRDA:84,7,0,0
BRDA:84,7,1,0
BRDA:94,8,0,0
BRDA:94,8,1,0
BRDA:100,9,0,0
BRDA:100,9,1,0
BRDA:100,9,2,0
BRDA:100,9,3,0
BRDA:100,9,4,0
BRDA:100,9,5,0
BRDA:143,10,0,0
BRDA:143,10,1,0
BRDA:155,11,0,0
BRDA:155,11,1,0
BRDA:208,12,0,0
BRDA:208,12,1,0
BRDA:245,13,0,0
BRDA:245,13,1,0
BRDA:260,14,0,0
BRDA:260,14,1,0
BRDA:261,15,0,0
BRDA:261,15,1,0
BRDA:261,15,2,0
BRDA:270,16,0,0
BRDA:270,16,1,0
BRDA:280,17,0,0
BRDA:280,17,1,0
BRDA:287,18,0,0
BRDA:287,18,1,0
BRF:43
BRH:0
end_of_record
TN:
SF:src\services\user.service.js
FN:26,(anonymous_0)
FN:183,(anonymous_1)
FN:197,(anonymous_2)
FN:222,(anonymous_3)
FN:244,(anonymous_4)
FN:250,(anonymous_5)
FN:289,(anonymous_6)
FN:440,(anonymous_7)
FN:460,(anonymous_8)
FN:509,(anonymous_9)
FN:528,(anonymous_10)
FN:532,(anonymous_11)
FNF:12
FNH:0
FNDA:0,(anonymous_0)
FNDA:0,(anonymous_1)
FNDA:0,(anonymous_2)
FNDA:0,(anonymous_3)
FNDA:0,(anonymous_4)
FNDA:0,(anonymous_5)
FNDA:0,(anonymous_6)
FNDA:0,(anonymous_7)
FNDA:0,(anonymous_8)
FNDA:0,(anonymous_9)
FNDA:0,(anonymous_10)
FNDA:0,(anonymous_11)
DA:1,11
DA:2,11
DA:21,11
DA:22,11
DA:23,11
DA:24,11
DA:26,11
DA:27,0
DA:29,0
DA:30,0
DA:31,0
DA:35,0
DA:36,0
DA:41,0
DA:43,0
DA:46,0
DA:50,0
DA:51,0
DA:54,0
DA:64,0
DA:69,0
DA:70,0
DA:71,0
DA:72,0
DA:83,0
DA:85,0
DA:91,0
DA:99,0
DA:100,0
DA:101,0
DA:102,0
DA:105,0
DA:106,0
DA:108,0
DA:111,0
DA:115,0
DA:116,0
DA:119,0
DA:129,0
DA:134,0
DA:135,0
DA:136,0
DA:137,0
DA:148,0
DA:150,0
DA:156,0
DA:164,0
DA:165,0
DA:166,0
DA:167,0
DA:170,0
DA:171,0
DA:175,0
DA:177,0
DA:178,0
DA:183,0
DA:184,0
DA:185,0
DA:187,0
DA:191,0
DA:192,0
DA:197,0
DA:198,0
DA:202,0
DA:207,0
DA:208,0
DA:209,0
DA:213,0
DA:216,0
DA:218,0
DA:222,11
DA:223,0
DA:224,0
DA:225,0
DA:226,0
DA:233,0
DA:239,0
DA:240,0
DA:244,0
DA:250,11
DA:251,0
DA:252,0
DA:253,0
DA:254,0
DA:255,0
DA:257,0
DA:260,0
DA:261,0
DA:264,0
DA:265,0
DA:273,0
DA:281,0
DA:289,11
DA:290,0
DA:291,0
DA:293,0
DA:299,0
DA:305,0
DA:311,0
DA:312,0
DA:316,0
DA:317,0
DA:322,0
DA:327,0
DA:332,0
DA:337,0
DA:342,0
DA:349,0
DA:355,0
DA:361,0
DA:366,0
DA:367,0
DA:368,0
DA:371,0
DA:377,0
DA:383,0
DA:389,0
DA:390,0
DA:393,0
DA:394,0
DA:398,0
DA:399,0
DA:407,0
DA:413,0
DA:414,0
DA:415,0
DA:422,0
DA:427,0
DA:431,0
DA:432,0
DA:440,11
DA:441,0
DA:442,0
DA:446,0
DA:447,0
DA:450,0
DA:452,0
DA:460,11
DA:466,0
DA:467,0
DA:468,0
DA:470,0
DA:485,0
DA:486,0
DA:496,0
DA:498,0
DA:500,0
DA:501,0
DA:509,11
DA:510,0
DA:511,0
DA:518,0
DA:519,0
DA:526,0
DA:528,0
DA:531,0
DA:532,0
DA:535,0
DA:536,0
DA:543,0
DA:561,0
DA:564,0
DA:566,0
DA:567,0
DA:573,0
DA:578,0
DA:586,11
LF:167
LH:14
BRDA:30,0,0,0
BRDA:30,0,1,0
BRDA:41,1,0,0
BRDA:41,1,1,0
BRDA:41,1,2,0
BRDA:41,1,3,0
BRDA:50,2,0,0
BRDA:50,2,1,0
BRDA:64,3,0,0
BRDA:64,3,1,0
BRDA:65,4,0,0
BRDA:65,4,1,0
BRDA:65,4,2,0
BRDA:71,5,0,0
BRDA:71,5,1,0
BRDA:83,6,0,0
BRDA:83,6,1,0
BRDA:99,7,0,0
BRDA:99,7,1,0
BRDA:105,8,0,0
BRDA:105,8,1,0
BRDA:115,9,0,0
BRDA:115,9,1,0
BRDA:129,10,0,0
BRDA:129,10,1,0
BRDA:130,11,0,0
BRDA:130,11,1,0
BRDA:130,11,2,0
BRDA:136,12,0,0
BRDA:136,12,1,0
BRDA:148,13,0,0
BRDA:148,13,1,0
BRDA:164,14,0,0
BRDA:164,14,1,0
BRDA:170,15,0,0
BRDA:170,15,1,0
BRDA:177,16,0,0
BRDA:177,16,1,0
BRDA:184,17,0,0
BRDA:184,17,1,0
BRDA:191,18,0,0
BRDA:191,18,1,0
BRDA:198,19,0,0
BRDA:198,19,1,0
BRDA:199,20,0,0
BRDA:199,20,1,0
BRDA:218,21,0,0
BRDA:218,21,1,0
BRDA:242,22,0,0
BRDA:242,22,1,0
BRDA:243,23,0,0
BRDA:243,23,1,0
BRDA:254,24,0,0
BRDA:254,24,1,0
BRDA:260,25,0,0
BRDA:260,25,1,0
BRDA:283,26,0,0
BRDA:283,26,1,0
BRDA:389,27,0,0
BRDA:389,27,1,0
BRDA:413,28,0,0
BRDA:413,28,1,0
BRDA:446,29,0,0
BRDA:446,29,1,0
BRDA:454,30,0,0
BRDA:454,30,1,0
BRDA:485,31,0,0
BRDA:485,31,1,0
BRDA:503,32,0,0
BRDA:503,32,1,0
BRDA:518,33,0,0
BRDA:518,33,1,0
BRDA:518,34,0,0
BRDA:518,34,1,0
BRDA:526,35,0,0
BRDA:526,35,1,0
BRDA:531,36,0,0
BRDA:531,36,1,0
BRDA:531,37,0,0
BRDA:531,37,1,0
BRDA:535,38,0,0
BRDA:535,38,1,0
BRDA:566,39,0,0
BRDA:566,39,1,0
BRDA:566,40,0,0
BRDA:566,40,1,0
BRDA:580,41,0,0
BRDA:580,41,1,0
BRF:88
BRH:0
end_of_record
TN:
SF:src\services\userActivityLog.service.js
FN:4,(anonymous_0)
FN:14,(anonymous_1)
FNF:2
FNH:0
FNDA:0,(anonymous_0)
FNDA:0,(anonymous_1)
DA:1,12
DA:2,12
DA:4,12
DA:5,0
DA:14,12
DA:15,0
DA:17,0
DA:18,0
DA:20,0
DA:25,0
DA:28,0
DA:34,0
DA:36,0
DA:39,0
DA:44,12
LF:15
LH:5
BRDA:14,0,0,0
BRDA:14,1,0,0
BRDA:18,2,0,0
BRDA:18,2,1,0
BRF:4
BRH:0
end_of_record
TN:
SF:src\services\userPackage.service.js
FN:5,(anonymous_0)
FNF:1
FNH:0
FNDA:0,(anonymous_0)
DA:1,12
DA:2,12
DA:3,12
DA:5,12
DA:6,0
DA:8,0
DA:15,0
DA:16,0
DA:17,0
DA:21,0
DA:22,0
DA:24,0
DA:27,12
LF:13
LH:5
BRDA:15,0,0,0
BRDA:15,0,1,0
BRF:2
BRH:0
end_of_record
TN:
SF:src\utils\index.js
FNF:0
FNH:0
DA:1,11
DA:3,11
LF:2
LH:2
BRF:0
BRH:0
end_of_record
TN:
SF:src\utils\tokenFunctions.js
FN:3,(anonymous_0)
FNF:1
FNH:0
FNDA:0,(anonymous_0)
DA:1,11
DA:3,11
DA:4,0
DA:11,0
DA:12,0
DA:15,0
DA:17,11
LF:7
LH:3
BRDA:3,0,0,0
BRDA:11,1,0,0
BRDA:11,1,1,0
BRF:3
BRH:0
end_of_record
